{"level":"info","message":"Identity service running on port 3000","service":"identity-service","timestamp":"2025-10-02T17:08:51.294Z"}
{"level":"info","message":"Identity service running on port 3000","service":"identity-service","timestamp":"2025-10-02T17:09:05.272Z"}
{"cause":{"commonWireVersion":0,"compatible":true,"heartbeatFrequencyMS":10000,"localThresholdMS":15,"logicalSessionTimeoutMinutes":null,"maxElectionId":null,"maxSetVersion":null,"servers":{"ac-qikwuo1-shard-00-00.rfnjrhf.mongodb.net:27017":{"$clusterTime":null,"address":"ac-qikwuo1-shard-00-00.rfnjrhf.mongodb.net:27017","arbiters":[],"electionId":null,"error":{"beforeHandshake":false,"errorLabelSet":{}},"hosts":[],"iscryptd":false,"lastUpdateTime":26157829,"lastWriteDate":0,"logicalSessionTimeoutMinutes":null,"maxBsonObjectSize":null,"maxMessageSizeBytes":null,"maxWireVersion":0,"maxWriteBatchSize":null,"me":null,"minRoundTripTime":0,"minWireVersion":0,"passives":[],"primary":null,"roundTripTime":-1,"setName":null,"setVersion":null,"tags":{},"topologyVersion":null,"type":"Unknown"},"ac-qikwuo1-shard-00-01.rfnjrhf.mongodb.net:27017":{"$clusterTime":null,"address":"ac-qikwuo1-shard-00-01.rfnjrhf.mongodb.net:27017","arbiters":[],"electionId":null,"error":{"beforeHandshake":false,"errorLabelSet":{}},"hosts":[],"iscryptd":false,"lastUpdateTime":26157828,"lastWriteDate":0,"logicalSessionTimeoutMinutes":null,"maxBsonObjectSize":null,"maxMessageSizeBytes":null,"maxWireVersion":0,"maxWriteBatchSize":null,"me":null,"minRoundTripTime":0,"minWireVersion":0,"passives":[],"primary":null,"roundTripTime":-1,"setName":null,"setVersion":null,"tags":{},"topologyVersion":null,"type":"Unknown"},"ac-qikwuo1-shard-00-02.rfnjrhf.mongodb.net:27017":{"$clusterTime":null,"address":"ac-qikwuo1-shard-00-02.rfnjrhf.mongodb.net:27017","arbiters":[],"electionId":null,"error":{"beforeHandshake":false,"errorLabelSet":{}},"hosts":[],"iscryptd":false,"lastUpdateTime":26157829,"lastWriteDate":0,"logicalSessionTimeoutMinutes":null,"maxBsonObjectSize":null,"maxMessageSizeBytes":null,"maxWireVersion":0,"maxWriteBatchSize":null,"me":null,"minRoundTripTime":0,"minWireVersion":0,"passives":[],"primary":null,"roundTripTime":-1,"setName":null,"setVersion":null,"tags":{},"topologyVersion":null,"type":"Unknown"}},"setName":"atlas-kx6e0z-shard-0","stale":false,"type":"ReplicaSetNoPrimary"},"errorLabelSet":{},"level":"error","message":"Could not connect to any servers in your MongoDB Atlas cluster. One common reason is that you're trying to access the database from an IP that isn't whitelisted. Make sure your current IP address is on your Atlas cluster's IP whitelist: https://www.mongodb.com/docs/atlas/security-whitelist/","reason":{"commonWireVersion":0,"compatible":true,"heartbeatFrequencyMS":10000,"localThresholdMS":15,"logicalSessionTimeoutMinutes":null,"maxElectionId":null,"maxSetVersion":null,"servers":{"ac-qikwuo1-shard-00-00.rfnjrhf.mongodb.net:27017":{"$clusterTime":null,"address":"ac-qikwuo1-shard-00-00.rfnjrhf.mongodb.net:27017","arbiters":[],"electionId":null,"error":{"beforeHandshake":false,"errorLabelSet":{}},"hosts":[],"iscryptd":false,"lastUpdateTime":26157829,"lastWriteDate":0,"logicalSessionTimeoutMinutes":null,"maxBsonObjectSize":null,"maxMessageSizeBytes":null,"maxWireVersion":0,"maxWriteBatchSize":null,"me":null,"minRoundTripTime":0,"minWireVersion":0,"passives":[],"primary":null,"roundTripTime":-1,"setName":null,"setVersion":null,"tags":{},"topologyVersion":null,"type":"Unknown"},"ac-qikwuo1-shard-00-01.rfnjrhf.mongodb.net:27017":{"$clusterTime":null,"address":"ac-qikwuo1-shard-00-01.rfnjrhf.mongodb.net:27017","arbiters":[],"electionId":null,"error":{"beforeHandshake":false,"errorLabelSet":{}},"hosts":[],"iscryptd":false,"lastUpdateTime":26157828,"lastWriteDate":0,"logicalSessionTimeoutMinutes":null,"maxBsonObjectSize":null,"maxMessageSizeBytes":null,"maxWireVersion":0,"maxWriteBatchSize":null,"me":null,"minRoundTripTime":0,"minWireVersion":0,"passives":[],"primary":null,"roundTripTime":-1,"setName":null,"setVersion":null,"tags":{},"topologyVersion":null,"type":"Unknown"},"ac-qikwuo1-shard-00-02.rfnjrhf.mongodb.net:27017":{"$clusterTime":null,"address":"ac-qikwuo1-shard-00-02.rfnjrhf.mongodb.net:27017","arbiters":[],"electionId":null,"error":{"beforeHandshake":false,"errorLabelSet":{}},"hosts":[],"iscryptd":false,"lastUpdateTime":26157829,"lastWriteDate":0,"logicalSessionTimeoutMinutes":null,"maxBsonObjectSize":null,"maxMessageSizeBytes":null,"maxWireVersion":0,"maxWriteBatchSize":null,"me":null,"minRoundTripTime":0,"minWireVersion":0,"passives":[],"primary":null,"roundTripTime":-1,"setName":null,"setVersion":null,"tags":{},"topologyVersion":null,"type":"Unknown"}},"setName":"atlas-kx6e0z-shard-0","stale":false,"type":"ReplicaSetNoPrimary"},"service":"identity-service","stack":"MongooseServerSelectionError: Could not connect to any servers in your MongoDB Atlas cluster. One common reason is that you're trying to access the database from an IP that isn't whitelisted. Make sure your current IP address is on your Atlas cluster's IP whitelist: https://www.mongodb.com/docs/atlas/security-whitelist/\n    at _handleConnectionErrors (C:\\Project\\nodejsMultithreading\\backend\\identity-service\\node_modules\\mongoose\\lib\\connection.js:1165:11)\n    at NativeConnection.openUri (C:\\Project\\nodejsMultithreading\\backend\\identity-service\\node_modules\\mongoose\\lib\\connection.js:1096:11)","timestamp":"2025-10-02T17:09:37.404Z"}
{"level":"info","message":"Identity service running on port 3000","service":"identity-service","timestamp":"2025-10-02T17:11:56.282Z"}
{"level":"info","message":"Connected to mongodb","service":"identity-service","timestamp":"2025-10-02T17:11:58.613Z"}
{"level":"info","message":"Received POST request to /api/auth/register","service":"identity-service","timestamp":"2025-10-02T17:19:31.270Z"}
{"level":"info","message":"Received body [object Object]","service":"identity-service","timestamp":"2025-10-02T17:19:31.271Z"}
{"level":"info","message":"Registeration endpoint hit","service":"identity-service","timestamp":"2025-10-02T17:19:31.283Z"}
{"buffer":{"data":[104,222,180,35,59,44,209,169,0,57,170,228],"type":"Buffer"},"level":"warn","message":"User saved successfully","service":"identity-service","timestamp":"2025-10-02T17:19:31.518Z"}
{"level":"info","message":"Identity service running on port 3001","service":"identity-service","timestamp":"2025-10-04T19:30:58.369Z"}
{"level":"info","message":"Connected to mongodb","service":"identity-service","timestamp":"2025-10-04T19:31:01.374Z"}
{"level":"info","message":"Received POST request to /api/auth/register","service":"identity-service","timestamp":"2025-10-04T19:31:16.420Z"}
{"level":"info","message":"Received body [object Object]","service":"identity-service","timestamp":"2025-10-04T19:31:16.421Z"}
{"level":"info","message":"Registeration endpoint hit","service":"identity-service","timestamp":"2025-10-04T19:31:16.426Z"}
{"buffer":{"data":[104,225,118,4,134,59,194,238,59,144,153,145],"type":"Buffer"},"level":"warn","message":"User saved successfully","service":"identity-service","timestamp":"2025-10-04T19:31:16.660Z"}
{"level":"info","message":"Identity service running on port 3001","service":"identity-service","timestamp":"2025-10-06T19:42:46.933Z"}
{"level":"info","message":"Connected to mongodb","service":"identity-service","timestamp":"2025-10-06T19:42:49.337Z"}
{"level":"info","message":"Received POST request to /api/auth/login","service":"identity-service","timestamp":"2025-10-06T19:43:30.222Z"}
{"level":"info","message":"Received body [object Object]","service":"identity-service","timestamp":"2025-10-06T19:43:30.222Z"}
{"level":"info","message":"Login endpoint hit","service":"identity-service","timestamp":"2025-10-06T19:43:30.226Z"}
{"level":"error","message":"Registration error occured,  User.comparePassword is not a function","service":"identity-service","stack":"TypeError: User.comparePassword is not a function\n    at loginUser (C:\\Project\\nodejsMultithreading\\backend\\identity-service\\src\\controllers\\identity-controller.js:74:40)\n    at process.processTicksAndRejections (node:internal/process/task_queues:105:5)","timestamp":"2025-10-06T19:43:30.289Z"}
{"level":"info","message":"Identity service running on port 3001","service":"identity-service","timestamp":"2025-10-06T19:44:25.215Z"}
{"level":"info","message":"Connected to mongodb","service":"identity-service","timestamp":"2025-10-06T19:44:27.560Z"}
{"level":"info","message":"Received POST request to /api/auth/login","service":"identity-service","timestamp":"2025-10-06T19:44:39.049Z"}
{"level":"info","message":"Received body [object Object]","service":"identity-service","timestamp":"2025-10-06T19:44:39.049Z"}
{"level":"info","message":"Login endpoint hit","service":"identity-service","timestamp":"2025-10-06T19:44:39.053Z"}
{"level":"info","message":"Identity service running on port 3001","service":"identity-service","timestamp":"2025-10-06T19:46:59.653Z"}
{"level":"info","message":"Identity service running on port 3001","service":"identity-service","timestamp":"2025-10-06T19:47:00.897Z"}
{"level":"info","message":"Connected to mongodb","service":"identity-service","timestamp":"2025-10-06T19:47:01.171Z"}
{"level":"info","message":"Identity service running on port 3001","service":"identity-service","timestamp":"2025-10-06T19:47:05.079Z"}
{"level":"info","message":"Connected to mongodb","service":"identity-service","timestamp":"2025-10-06T19:47:07.461Z"}
{"level":"info","message":"Identity service running on port 3001","service":"identity-service","timestamp":"2025-10-08T19:35:20.920Z"}
{"level":"info","message":"Connected to mongodb","service":"identity-service","timestamp":"2025-10-08T19:35:23.278Z"}
{"level":"info","message":"Received POST request to /api/auth/login","service":"identity-service","timestamp":"2025-10-08T19:35:24.471Z"}
{"level":"info","message":"Received body [object Object]","service":"identity-service","timestamp":"2025-10-08T19:35:24.472Z"}
{"level":"info","message":"Login endpoint hit","service":"identity-service","timestamp":"2025-10-08T19:35:24.476Z"}
{"level":"info","message":"Received POST request to /api/auth/login","service":"identity-service","timestamp":"2025-10-08T19:38:49.922Z"}
{"level":"info","message":"Received body [object Object]","service":"identity-service","timestamp":"2025-10-08T19:38:49.923Z"}
{"level":"info","message":"Login endpoint hit","service":"identity-service","timestamp":"2025-10-08T19:38:49.924Z"}
{"level":"info","message":"Received POST request to /api/auth/login","service":"identity-service","timestamp":"2025-10-08T19:39:18.535Z"}
{"level":"info","message":"Received body [object Object]","service":"identity-service","timestamp":"2025-10-08T19:39:18.536Z"}
{"level":"info","message":"Login endpoint hit","service":"identity-service","timestamp":"2025-10-08T19:39:18.537Z"}
{"level":"info","message":"Identity service running on port 3001","service":"identity-service","timestamp":"2025-10-10T01:08:55.916Z"}
{"level":"info","message":"Connected to mongodb","service":"identity-service","timestamp":"2025-10-10T01:08:58.259Z"}
{"level":"info","message":"Received POST request to /api/auth/login","service":"identity-service","timestamp":"2025-10-10T01:16:35.292Z"}
{"level":"info","message":"Received body [object Object]","service":"identity-service","timestamp":"2025-10-10T01:16:35.293Z"}
{"level":"info","message":"Login endpoint hit","service":"identity-service","timestamp":"2025-10-10T01:16:35.296Z"}
