{"level":"info","message":"API Gateway is running on port : 3000","service":"api-gateway","timestamp":"2025-10-04T19:02:25.631Z"}
{"level":"info","message":"Identity service is running on port : http://localhost:3001","service":"api-gateway","timestamp":"2025-10-04T19:02:25.644Z"}
{"level":"info","message":"Redis Url redis://localhost:6379","service":"api-gateway","timestamp":"2025-10-04T19:02:25.645Z"}
{"level":"info","message":"API Gateway is running on port : 3000","service":"api-gateway","timestamp":"2025-10-04T19:02:32.076Z"}
{"level":"info","message":"Identity service is running on port : http://localhost:3001","service":"api-gateway","timestamp":"2025-10-04T19:02:32.080Z"}
{"level":"info","message":"Redis Url redis://localhost:6379","service":"api-gateway","timestamp":"2025-10-04T19:02:32.081Z"}
{"level":"info","message":"API Gateway is running on port : 3000","service":"api-gateway","timestamp":"2025-10-04T19:02:35.959Z"}
{"level":"info","message":"Identity service is running on port : http://localhost:3001","service":"api-gateway","timestamp":"2025-10-04T19:02:35.962Z"}
{"level":"info","message":"Redis Url redis://localhost:6379","service":"api-gateway","timestamp":"2025-10-04T19:02:35.963Z"}
{"level":"info","message":"Received POST request to /v1/auth/register","service":"api-gateway","timestamp":"2025-10-04T19:20:39.649Z"}
{"level":"info","message":"Received body [object Object]","service":"api-gateway","timestamp":"2025-10-04T19:20:39.650Z"}
{"level":"error","message":"Proxy error: ","service":"api-gateway","timestamp":"2025-10-04T19:20:39.659Z"}
{"level":"info","message":"Received POST request to /v1/auth/register","service":"api-gateway","timestamp":"2025-10-04T19:23:33.596Z"}
{"level":"info","message":"Received body [object Object]","service":"api-gateway","timestamp":"2025-10-04T19:23:33.596Z"}
{"level":"error","message":"Proxy error: ","service":"api-gateway","timestamp":"2025-10-04T19:23:33.598Z"}
{"level":"info","message":"API Gateway is running on port : 3000","service":"api-gateway","timestamp":"2025-10-04T19:23:50.524Z"}
{"level":"info","message":"Identity service is running on port : http://localhost:3001","service":"api-gateway","timestamp":"2025-10-04T19:23:50.528Z"}
{"level":"info","message":"Redis Url redis://localhost:6379","service":"api-gateway","timestamp":"2025-10-04T19:23:50.528Z"}
{"level":"info","message":"API Gateway is running on port : 3000","service":"api-gateway","timestamp":"2025-10-04T19:23:53.240Z"}
{"level":"info","message":"Identity service is running on port : http://localhost:3001","service":"api-gateway","timestamp":"2025-10-04T19:23:53.243Z"}
{"level":"info","message":"Redis Url redis://localhost:6379","service":"api-gateway","timestamp":"2025-10-04T19:23:53.244Z"}
{"level":"info","message":"Received POST request to /v1/auth/register","service":"api-gateway","timestamp":"2025-10-04T19:23:57.281Z"}
{"level":"info","message":"Received body [object Object]","service":"api-gateway","timestamp":"2025-10-04T19:23:57.282Z"}
{"level":"error","message":"Proxy error: ","service":"api-gateway","timestamp":"2025-10-04T19:23:57.288Z"}
{"level":"info","message":"API Gateway is running on port : 3000","service":"api-gateway","timestamp":"2025-10-04T19:24:41.089Z"}
{"level":"info","message":"Identity service is running on port : http://localhost:3001","service":"api-gateway","timestamp":"2025-10-04T19:24:41.092Z"}
{"level":"info","message":"Redis Url redis://localhost:6379","service":"api-gateway","timestamp":"2025-10-04T19:24:41.092Z"}
{"level":"info","message":"API Gateway is running on port : 3000","service":"api-gateway","timestamp":"2025-10-04T19:24:55.851Z"}
{"level":"info","message":"Identity service is running on port : http://localhost:3001","service":"api-gateway","timestamp":"2025-10-04T19:24:55.854Z"}
{"level":"info","message":"Redis Url redis://localhost:6379","service":"api-gateway","timestamp":"2025-10-04T19:24:55.855Z"}
{"level":"info","message":"API Gateway is running on port : 3000","service":"api-gateway","timestamp":"2025-10-04T19:24:57.736Z"}
{"level":"info","message":"Identity service is running on port : http://localhost:3001","service":"api-gateway","timestamp":"2025-10-04T19:24:57.739Z"}
{"level":"info","message":"Redis Url redis://localhost:6379","service":"api-gateway","timestamp":"2025-10-04T19:24:57.739Z"}
{"level":"info","message":"Received POST request to /v1/auth/register","service":"api-gateway","timestamp":"2025-10-04T19:25:01.414Z"}
{"level":"info","message":"Received body [object Object]","service":"api-gateway","timestamp":"2025-10-04T19:25:01.415Z"}
{"level":"error","message":"Proxy error: ","service":"api-gateway","timestamp":"2025-10-04T19:25:01.421Z"}
{"level":"info","message":"API Gateway is running on port : 3000","service":"api-gateway","timestamp":"2025-10-04T19:26:24.283Z"}
{"level":"info","message":"Identity service is running on port : http://localhost:3001","service":"api-gateway","timestamp":"2025-10-04T19:26:24.286Z"}
{"level":"info","message":"Redis Url redis://localhost:6379","service":"api-gateway","timestamp":"2025-10-04T19:26:24.286Z"}
{"level":"info","message":"Received POST request to /v1/auth/register","service":"api-gateway","timestamp":"2025-10-04T19:26:27.718Z"}
{"level":"info","message":"Received body [object Object]","service":"api-gateway","timestamp":"2025-10-04T19:26:27.719Z"}
{"level":"error","message":"Proxy error: AggregateError","service":"api-gateway","timestamp":"2025-10-04T19:26:27.726Z"}
{"level":"info","message":"API Gateway is running on port : 3000","service":"api-gateway","timestamp":"2025-10-04T19:27:11.994Z"}
{"level":"info","message":"Identity service is running on port : http://localhost:3001","service":"api-gateway","timestamp":"2025-10-04T19:27:11.997Z"}
{"level":"info","message":"Redis Url redis://localhost:6379","service":"api-gateway","timestamp":"2025-10-04T19:27:11.997Z"}
{"level":"info","message":"API Gateway is running on port : 3000","service":"api-gateway","timestamp":"2025-10-04T19:27:13.697Z"}
{"level":"info","message":"Identity service is running on port : http://localhost:3001","service":"api-gateway","timestamp":"2025-10-04T19:27:13.700Z"}
{"level":"info","message":"Redis Url redis://localhost:6379","service":"api-gateway","timestamp":"2025-10-04T19:27:13.700Z"}
{"level":"info","message":"API Gateway is running on port : 3000","service":"api-gateway","timestamp":"2025-10-04T19:27:51.516Z"}
{"level":"info","message":"Identity service is running on port : http://localhost:3001","service":"api-gateway","timestamp":"2025-10-04T19:27:51.519Z"}
{"level":"info","message":"Redis Url redis://localhost:6379","service":"api-gateway","timestamp":"2025-10-04T19:27:51.519Z"}
{"level":"info","message":"Received POST request to /v1/auth/register","service":"api-gateway","timestamp":"2025-10-04T19:27:55.351Z"}
{"level":"info","message":"Received body [object Object]","service":"api-gateway","timestamp":"2025-10-04T19:27:55.352Z"}
{"level":"error","message":"Proxy error: TypeError: Cannot set properties of undefined (setting 'content-type')","service":"api-gateway","timestamp":"2025-10-04T19:27:55.354Z"}
{"level":"info","message":"API Gateway is running on port : 3000","service":"api-gateway","timestamp":"2025-10-04T19:28:45.372Z"}
{"level":"info","message":"Identity service is running on port : http://localhost:3001","service":"api-gateway","timestamp":"2025-10-04T19:28:45.374Z"}
{"level":"info","message":"Redis Url redis://localhost:6379","service":"api-gateway","timestamp":"2025-10-04T19:28:45.375Z"}
{"level":"info","message":"Received POST request to /v1/auth/register","service":"api-gateway","timestamp":"2025-10-04T19:28:48.078Z"}
{"level":"info","message":"Received body [object Object]","service":"api-gateway","timestamp":"2025-10-04T19:28:48.078Z"}
{"level":"error","message":"Proxy error: AggregateError","service":"api-gateway","timestamp":"2025-10-04T19:28:48.085Z"}
{"level":"info","message":"API Gateway is running on port : 3000","service":"api-gateway","timestamp":"2025-10-04T19:28:53.702Z"}
{"level":"info","message":"Identity service is running on port : http://localhost:3001","service":"api-gateway","timestamp":"2025-10-04T19:28:53.705Z"}
{"level":"info","message":"Redis Url redis://localhost:6379","service":"api-gateway","timestamp":"2025-10-04T19:28:53.705Z"}
{"level":"info","message":"API Gateway is running on port : 3000","service":"api-gateway","timestamp":"2025-10-04T19:29:04.113Z"}
{"level":"info","message":"Identity service is running on port : http://localhost:3001","service":"api-gateway","timestamp":"2025-10-04T19:29:04.115Z"}
{"level":"info","message":"Redis Url redis://localhost:6379","service":"api-gateway","timestamp":"2025-10-04T19:29:04.116Z"}
{"level":"info","message":"Received POST request to /v1/auth/register","service":"api-gateway","timestamp":"2025-10-04T19:29:07.142Z"}
{"level":"info","message":"Received body [object Object]","service":"api-gateway","timestamp":"2025-10-04T19:29:07.142Z"}
{"level":"error","message":"Proxy error: AggregateError","service":"api-gateway","timestamp":"2025-10-04T19:29:07.148Z"}
{"level":"info","message":"API Gateway is running on port : 3000","service":"api-gateway","timestamp":"2025-10-04T19:29:12.720Z"}
{"level":"info","message":"Identity service is running on port : http://localhost:3001","service":"api-gateway","timestamp":"2025-10-04T19:29:12.723Z"}
{"level":"info","message":"Redis Url redis://localhost:6379","service":"api-gateway","timestamp":"2025-10-04T19:29:12.724Z"}
{"level":"info","message":"API Gateway is running on port : 3000","service":"api-gateway","timestamp":"2025-10-04T19:29:16.621Z"}
{"level":"info","message":"Identity service is running on port : http://localhost:3001","service":"api-gateway","timestamp":"2025-10-04T19:29:16.624Z"}
{"level":"info","message":"Redis Url redis://localhost:6379","service":"api-gateway","timestamp":"2025-10-04T19:29:16.624Z"}
{"level":"info","message":"API Gateway is running on port : 3000","service":"api-gateway","timestamp":"2025-10-04T19:30:14.934Z"}
{"level":"info","message":"Identity service is running on port : http://localhost:3001","service":"api-gateway","timestamp":"2025-10-04T19:30:14.937Z"}
{"level":"info","message":"Redis Url redis://localhost:6379","service":"api-gateway","timestamp":"2025-10-04T19:30:14.937Z"}
{"level":"info","message":"API Gateway is running on port : 3000","service":"api-gateway","timestamp":"2025-10-04T19:30:59.656Z"}
{"level":"info","message":"Identity service is running on port : http://localhost:3001","service":"api-gateway","timestamp":"2025-10-04T19:30:59.659Z"}
{"level":"info","message":"Redis Url redis://localhost:6379","service":"api-gateway","timestamp":"2025-10-04T19:30:59.660Z"}
{"level":"info","message":"API Gateway is running on port : 3000","service":"api-gateway","timestamp":"2025-10-04T19:31:01.932Z"}
{"level":"info","message":"Identity service is running on port : http://localhost:3001","service":"api-gateway","timestamp":"2025-10-04T19:31:01.935Z"}
{"level":"info","message":"Redis Url redis://localhost:6379","service":"api-gateway","timestamp":"2025-10-04T19:31:01.935Z"}
{"level":"info","message":"API Gateway is running on port : 3000","service":"api-gateway","timestamp":"2025-10-04T19:31:03.029Z"}
{"level":"info","message":"Identity service is running on port : http://localhost:3001","service":"api-gateway","timestamp":"2025-10-04T19:31:03.032Z"}
{"level":"info","message":"Redis Url redis://localhost:6379","service":"api-gateway","timestamp":"2025-10-04T19:31:03.033Z"}
{"level":"info","message":"API Gateway is running on port : 3000","service":"api-gateway","timestamp":"2025-10-04T19:31:05.918Z"}
{"level":"info","message":"Identity service is running on port : http://localhost:3001","service":"api-gateway","timestamp":"2025-10-04T19:31:05.921Z"}
{"level":"info","message":"Redis Url redis://localhost:6379","service":"api-gateway","timestamp":"2025-10-04T19:31:05.922Z"}
{"level":"info","message":"API Gateway is running on port : 3000","service":"api-gateway","timestamp":"2025-10-04T19:31:07.344Z"}
{"level":"info","message":"Identity service is running on port : http://localhost:3001","service":"api-gateway","timestamp":"2025-10-04T19:31:07.347Z"}
{"level":"info","message":"Redis Url redis://localhost:6379","service":"api-gateway","timestamp":"2025-10-04T19:31:07.347Z"}
{"level":"info","message":"Received POST request to /v1/auth/register","service":"api-gateway","timestamp":"2025-10-04T19:31:16.245Z"}
{"level":"info","message":"Received body [object Object]","service":"api-gateway","timestamp":"2025-10-04T19:31:16.246Z"}
{"level":"info","message":"Response received from Identity service: 201","service":"api-gateway","timestamp":"2025-10-04T19:31:16.742Z"}
{"level":"info","message":"API Gateway is running on port : 3000","service":"api-gateway","timestamp":"2025-10-06T19:42:40.875Z"}
{"level":"info","message":"Identity service is running on port : http://localhost:3001","service":"api-gateway","timestamp":"2025-10-06T19:42:40.880Z"}
{"level":"info","message":"Redis Url redis://localhost:6379","service":"api-gateway","timestamp":"2025-10-06T19:42:40.881Z"}
{"level":"info","message":"Received POST request to /v1/auth/login","service":"api-gateway","timestamp":"2025-10-06T19:43:30.076Z"}
{"level":"info","message":"Received body [object Object]","service":"api-gateway","timestamp":"2025-10-06T19:43:30.077Z"}
{"level":"info","message":"Response received from Identity service: 500","service":"api-gateway","timestamp":"2025-10-06T19:43:30.295Z"}
{"level":"info","message":"Received POST request to /v1/auth/login","service":"api-gateway","timestamp":"2025-10-06T19:44:39.029Z"}
{"level":"info","message":"Received body [object Object]","service":"api-gateway","timestamp":"2025-10-06T19:44:39.030Z"}
{"level":"info","message":"Response received from Identity service: 200","service":"api-gateway","timestamp":"2025-10-06T19:44:39.183Z"}
{"level":"info","message":"API Gateway is running on port : 3000","service":"api-gateway","timestamp":"2025-10-08T19:30:58.948Z"}
{"level":"info","message":"Identity service is running on port : http://localhost:3001","service":"api-gateway","timestamp":"2025-10-08T19:30:58.953Z"}
{"level":"info","message":"Post service is running on port : http://localhost:3002","service":"api-gateway","timestamp":"2025-10-08T19:30:58.954Z"}
{"level":"info","message":"Redis Url redis://localhost:6379","service":"api-gateway","timestamp":"2025-10-08T19:30:58.955Z"}
{"level":"info","message":"Received POST request to /v1/auth/login","service":"api-gateway","timestamp":"2025-10-08T19:34:49.058Z"}
{"level":"info","message":"Received body [object Object]","service":"api-gateway","timestamp":"2025-10-08T19:34:49.059Z"}
{"level":"error","message":"Proxy error: ","service":"api-gateway","timestamp":"2025-10-08T19:34:49.066Z"}
{"level":"info","message":"Received POST request to /v1/auth/login","service":"api-gateway","timestamp":"2025-10-08T19:35:24.268Z"}
{"level":"info","message":"Received body [object Object]","service":"api-gateway","timestamp":"2025-10-08T19:35:24.269Z"}
{"level":"info","message":"Response received from Identity service: 200","service":"api-gateway","timestamp":"2025-10-08T19:35:24.615Z"}
{"level":"info","message":"Received POST request to /v1/posts/create-post","service":"api-gateway","timestamp":"2025-10-08T19:36:22.914Z"}
{"level":"info","message":"Received body [object Object]","service":"api-gateway","timestamp":"2025-10-08T19:36:22.915Z"}
{"level":"error","message":"Proxy error: ","service":"api-gateway","timestamp":"2025-10-08T19:36:22.920Z"}
{"level":"info","message":"Received POST request to /v1/posts/create-post","service":"api-gateway","timestamp":"2025-10-08T19:37:50.968Z"}
{"level":"info","message":"Received body [object Object]","service":"api-gateway","timestamp":"2025-10-08T19:37:50.969Z"}
{"level":"info","message":"Response received from Identity service: 401","service":"api-gateway","timestamp":"2025-10-08T19:37:51.132Z"}
{"level":"info","message":"Received POST request to /v1/posts/create-post","service":"api-gateway","timestamp":"2025-10-08T19:38:27.383Z"}
{"level":"info","message":"Received body [object Object]","service":"api-gateway","timestamp":"2025-10-08T19:38:27.383Z"}
{"level":"info","message":"Response received from Identity service: 401","service":"api-gateway","timestamp":"2025-10-08T19:38:27.389Z"}
{"level":"info","message":"Received POST request to /v1/auth/login","service":"api-gateway","timestamp":"2025-10-08T19:38:49.919Z"}
{"level":"info","message":"Received body [object Object]","service":"api-gateway","timestamp":"2025-10-08T19:38:49.920Z"}
{"level":"info","message":"Response received from Identity service: 200","service":"api-gateway","timestamp":"2025-10-08T19:38:50.012Z"}
{"level":"info","message":"Received POST request to /v1/auth/login","service":"api-gateway","timestamp":"2025-10-08T19:39:18.533Z"}
{"level":"info","message":"Received body [object Object]","service":"api-gateway","timestamp":"2025-10-08T19:39:18.534Z"}
{"level":"info","message":"Response received from Identity service: 200","service":"api-gateway","timestamp":"2025-10-08T19:39:18.624Z"}
{"level":"info","message":"Received POST request to /v1/posts/create-post","service":"api-gateway","timestamp":"2025-10-08T19:40:54.736Z"}
{"level":"info","message":"Received body [object Object]","service":"api-gateway","timestamp":"2025-10-08T19:40:54.737Z"}
{"level":"info","message":"Response received from Identity service: 401","service":"api-gateway","timestamp":"2025-10-08T19:40:54.742Z"}
{"level":"info","message":"Received POST request to /v1/posts/create-post","service":"api-gateway","timestamp":"2025-10-08T19:41:36.927Z"}
{"level":"info","message":"Received body [object Object]","service":"api-gateway","timestamp":"2025-10-08T19:41:36.928Z"}
{"level":"info","message":"Response received from Identity service: 500","service":"api-gateway","timestamp":"2025-10-08T19:41:36.962Z"}
{"level":"info","message":"Received POST request to /v1/posts/create-post","service":"api-gateway","timestamp":"2025-10-08T19:54:26.861Z"}
{"level":"info","message":"Received body [object Object]","service":"api-gateway","timestamp":"2025-10-08T19:54:26.862Z"}
{"level":"info","message":"Response received from Identity service: 400","service":"api-gateway","timestamp":"2025-10-08T19:54:26.895Z"}
{"level":"info","message":"Received POST request to /v1/posts/create-post","service":"api-gateway","timestamp":"2025-10-08T19:55:12.977Z"}
{"level":"info","message":"Received body [object Object]","service":"api-gateway","timestamp":"2025-10-08T19:55:12.977Z"}
{"level":"info","message":"Response received from Identity service: 500","service":"api-gateway","timestamp":"2025-10-08T19:55:13.018Z"}
{"level":"info","message":"Received POST request to /v1/posts/create-post","service":"api-gateway","timestamp":"2025-10-08T19:56:44.651Z"}
{"level":"info","message":"Received body [object Object]","service":"api-gateway","timestamp":"2025-10-08T19:56:44.652Z"}
{"level":"info","message":"Response received from Identity service: 201","service":"api-gateway","timestamp":"2025-10-08T19:56:44.734Z"}
{"level":"info","message":"API Gateway is running on port : 3000","service":"api-gateway","timestamp":"2025-10-10T01:09:05.277Z"}
{"level":"info","message":"Identity service is running on port : http://localhost:3001","service":"api-gateway","timestamp":"2025-10-10T01:09:05.281Z"}
{"level":"info","message":"Post service is running on port : http://localhost:3002","service":"api-gateway","timestamp":"2025-10-10T01:09:05.281Z"}
{"level":"info","message":"Redis Url redis://localhost:6379","service":"api-gateway","timestamp":"2025-10-10T01:09:05.282Z"}
{"level":"info","message":"Received POST request to /api/v1/login","service":"api-gateway","timestamp":"2025-10-10T01:14:59.441Z"}
{"level":"info","message":"Received body [object Object]","service":"api-gateway","timestamp":"2025-10-10T01:14:59.442Z"}
{"level":"info","message":"Received POST request to /v1/login","service":"api-gateway","timestamp":"2025-10-10T01:16:04.044Z"}
{"level":"info","message":"Received body [object Object]","service":"api-gateway","timestamp":"2025-10-10T01:16:04.045Z"}
{"level":"info","message":"Received POST request to /v1/auth/login","service":"api-gateway","timestamp":"2025-10-10T01:16:35.147Z"}
{"level":"info","message":"Received body [object Object]","service":"api-gateway","timestamp":"2025-10-10T01:16:35.147Z"}
{"level":"info","message":"Response received from Identity service: 200","service":"api-gateway","timestamp":"2025-10-10T01:16:35.440Z"}
{"level":"info","message":"Received GET request to /v1/posts/all-posts","service":"api-gateway","timestamp":"2025-10-10T01:18:14.315Z"}
{"level":"info","message":"Received body undefined","service":"api-gateway","timestamp":"2025-10-10T01:18:14.315Z"}
{"level":"warn","message":"Access attempt without valid token","service":"api-gateway","timestamp":"2025-10-10T01:18:14.316Z"}
{"level":"info","message":"Received GET request to /v1/posts/all-posts","service":"api-gateway","timestamp":"2025-10-10T01:18:36.518Z"}
{"level":"info","message":"Received body undefined","service":"api-gateway","timestamp":"2025-10-10T01:18:36.519Z"}
{"level":"info","message":"Response received from Identity service: 200","service":"api-gateway","timestamp":"2025-10-10T01:18:36.717Z"}
{"level":"info","message":"Received GET request to /v1/posts/all-posts","service":"api-gateway","timestamp":"2025-10-10T01:18:59.877Z"}
{"level":"info","message":"Received body undefined","service":"api-gateway","timestamp":"2025-10-10T01:18:59.877Z"}
{"level":"info","message":"Response received from Identity service: 200","service":"api-gateway","timestamp":"2025-10-10T01:18:59.884Z"}
{"level":"info","message":"Received GET request to /v1/posts/all-posts","service":"api-gateway","timestamp":"2025-10-10T01:19:01.173Z"}
{"level":"info","message":"Received body undefined","service":"api-gateway","timestamp":"2025-10-10T01:19:01.173Z"}
{"level":"info","message":"Response received from Identity service: 200","service":"api-gateway","timestamp":"2025-10-10T01:19:01.179Z"}
{"level":"info","message":"Received GET request to /v1/posts/all-posts","service":"api-gateway","timestamp":"2025-10-10T01:19:02.329Z"}
{"level":"info","message":"Received body undefined","service":"api-gateway","timestamp":"2025-10-10T01:19:02.331Z"}
{"level":"info","message":"Response received from Identity service: 200","service":"api-gateway","timestamp":"2025-10-10T01:19:02.367Z"}
{"level":"info","message":"Received POST request to /v1/posts/create-post","service":"api-gateway","timestamp":"2025-10-10T01:27:11.951Z"}
{"level":"info","message":"Received body [object Object]","service":"api-gateway","timestamp":"2025-10-10T01:27:11.951Z"}
{"level":"info","message":"Response received from Identity service: 201","service":"api-gateway","timestamp":"2025-10-10T01:27:12.027Z"}
{"level":"info","message":"Received GET request to /v1/posts/all-posts","service":"api-gateway","timestamp":"2025-10-10T01:27:18.938Z"}
{"level":"info","message":"Received body undefined","service":"api-gateway","timestamp":"2025-10-10T01:27:18.938Z"}
{"level":"info","message":"Response received from Identity service: 200","service":"api-gateway","timestamp":"2025-10-10T01:27:18.991Z"}
{"level":"info","message":"Received GET request to /v1/posts/all-posts","service":"api-gateway","timestamp":"2025-10-10T01:27:34.282Z"}
{"level":"info","message":"Received body undefined","service":"api-gateway","timestamp":"2025-10-10T01:27:34.282Z"}
{"level":"info","message":"Response received from Identity service: 200","service":"api-gateway","timestamp":"2025-10-10T01:27:34.291Z"}
{"level":"info","message":"Received GET request to /v1/posts/all-posts","service":"api-gateway","timestamp":"2025-10-10T01:27:35.578Z"}
{"level":"info","message":"Received body undefined","service":"api-gateway","timestamp":"2025-10-10T01:27:35.578Z"}
{"level":"info","message":"Response received from Identity service: 200","service":"api-gateway","timestamp":"2025-10-10T01:27:35.583Z"}
{"level":"info","message":"Received GET request to /v1/posts/all-posts","service":"api-gateway","timestamp":"2025-10-10T01:27:36.727Z"}
{"level":"info","message":"Received body undefined","service":"api-gateway","timestamp":"2025-10-10T01:27:36.728Z"}
{"level":"info","message":"Response received from Identity service: 200","service":"api-gateway","timestamp":"2025-10-10T01:27:36.734Z"}
{"level":"info","message":"Received GET request to /v1/posts/all-posts","service":"api-gateway","timestamp":"2025-10-10T01:27:37.718Z"}
{"level":"info","message":"Received body undefined","service":"api-gateway","timestamp":"2025-10-10T01:27:37.719Z"}
{"level":"info","message":"Response received from Identity service: 200","service":"api-gateway","timestamp":"2025-10-10T01:27:37.727Z"}
{"level":"info","message":"Received GET request to /v1/posts/68e860ef248d6d39af1b22dc","service":"api-gateway","timestamp":"2025-10-10T01:46:16.974Z"}
{"level":"info","message":"Received body undefined","service":"api-gateway","timestamp":"2025-10-10T01:46:16.975Z"}
{"level":"info","message":"Response received from Identity service: 500","service":"api-gateway","timestamp":"2025-10-10T01:46:17.015Z"}
{"level":"info","message":"Received GET request to /v1/posts/68e860ef248d6d39af1b22dc","service":"api-gateway","timestamp":"2025-10-10T01:47:11.094Z"}
{"level":"info","message":"Received body undefined","service":"api-gateway","timestamp":"2025-10-10T01:47:11.095Z"}
{"level":"info","message":"Response received from Identity service: 200","service":"api-gateway","timestamp":"2025-10-10T01:47:11.145Z"}
{"level":"info","message":"Received DELETE request to /v1/posts/68e860ef248d6d39af1b22dc","service":"api-gateway","timestamp":"2025-10-10T02:04:53.348Z"}
{"level":"info","message":"Received body undefined","service":"api-gateway","timestamp":"2025-10-10T02:04:53.349Z"}
{"level":"warn","message":"Access attempt without valid token","service":"api-gateway","timestamp":"2025-10-10T02:04:53.349Z"}
{"level":"info","message":"Received DELETE request to /v1/posts/68e860ef248d6d39af1b22dc","service":"api-gateway","timestamp":"2025-10-10T02:05:00.401Z"}
{"level":"info","message":"Received body undefined","service":"api-gateway","timestamp":"2025-10-10T02:05:00.401Z"}
{"level":"error","message":"Proxy error: ","service":"api-gateway","timestamp":"2025-10-10T02:05:00.406Z"}
{"level":"info","message":"Received DELETE request to /v1/posts/68e860ef248d6d39af1b22dc","service":"api-gateway","timestamp":"2025-10-10T02:05:19.212Z"}
{"level":"info","message":"Received body undefined","service":"api-gateway","timestamp":"2025-10-10T02:05:19.213Z"}
{"level":"info","message":"Response received from Identity service: 200","service":"api-gateway","timestamp":"2025-10-10T02:05:19.275Z"}
