{"level":"info","message":"Post service running on port 3003","service":"media-service","timestamp":"2025-10-11T08:43:58.208Z"}
{"level":"error","message":"Mongo connection error,  The `uri` parameter to `openUri()` must be a string, got \"undefined\". Make sure the first parameter to `mongoose.connect()` or `mongoose.createConnection()` is a string.","service":"media-service","stack":"MongooseError: The `uri` parameter to `openUri()` must be a string, got \"undefined\". Make sure the first parameter to `mongoose.connect()` or `mongoose.createConnection()` is a string.\n    at NativeConnection.createClient (C:\\Project\\nodejsMultithreading\\backend\\media-service\\node_modules\\mongoose\\lib\\drivers\\node-mongodb-native\\connection.js:237:11)\n    at NativeConnection.openUri (C:\\Project\\nodejsMultithreading\\backend\\media-service\\node_modules\\mongoose\\lib\\connection.js:1071:34)\n    at Mongoose.connect (C:\\Project\\nodejsMultithreading\\backend\\media-service\\node_modules\\mongoose\\lib\\mongoose.js:450:15)\n    at Object.<anonymous> (C:\\Project\\nodejsMultithreading\\backend\\media-service\\src\\server.js:14:4)\n    at Module._compile (node:internal/modules/cjs/loader:1692:14)\n    at Object..js (node:internal/modules/cjs/loader:1824:10)\n    at Module.load (node:internal/modules/cjs/loader:1427:32)\n    at Module._load (node:internal/modules/cjs/loader:1250:12)\n    at TracingChannel.traceSync (node:diagnostics_channel:322:14)\n    at wrapModuleLoad (node:internal/modules/cjs/loader:235:24)","timestamp":"2025-10-11T08:43:58.212Z"}
{"level":"info","message":"Post service running on port 3003","service":"media-service","timestamp":"2025-10-11T08:45:04.721Z"}
{"level":"error","message":"Mongo connection error,  The `uri` parameter to `openUri()` must be a string, got \"undefined\". Make sure the first parameter to `mongoose.connect()` or `mongoose.createConnection()` is a string.","service":"media-service","stack":"MongooseError: The `uri` parameter to `openUri()` must be a string, got \"undefined\". Make sure the first parameter to `mongoose.connect()` or `mongoose.createConnection()` is a string.\n    at NativeConnection.createClient (C:\\Project\\nodejsMultithreading\\backend\\media-service\\node_modules\\mongoose\\lib\\drivers\\node-mongodb-native\\connection.js:237:11)\n    at NativeConnection.openUri (C:\\Project\\nodejsMultithreading\\backend\\media-service\\node_modules\\mongoose\\lib\\connection.js:1071:34)\n    at Mongoose.connect (C:\\Project\\nodejsMultithreading\\backend\\media-service\\node_modules\\mongoose\\lib\\mongoose.js:450:15)\n    at Object.<anonymous> (C:\\Project\\nodejsMultithreading\\backend\\media-service\\src\\server.js:14:4)\n    at Module._compile (node:internal/modules/cjs/loader:1692:14)\n    at Object..js (node:internal/modules/cjs/loader:1824:10)\n    at Module.load (node:internal/modules/cjs/loader:1427:32)\n    at Module._load (node:internal/modules/cjs/loader:1250:12)\n    at TracingChannel.traceSync (node:diagnostics_channel:322:14)\n    at wrapModuleLoad (node:internal/modules/cjs/loader:235:24)","timestamp":"2025-10-11T08:45:04.725Z"}
{"level":"info","message":"Post service running on port 3003","service":"media-service","timestamp":"2025-10-11T08:45:29.740Z"}
{"level":"info","message":"Connected to mongodb","service":"media-service","timestamp":"2025-10-11T08:45:32.071Z"}
{"level":"info","message":"Post service running on port 3003","service":"media-service","timestamp":"2025-10-11T08:56:29.014Z"}
{"level":"info","message":"Post service running on port 3003","service":"media-service","timestamp":"2025-10-11T08:56:31.791Z"}
{"level":"info","message":"Connected to mongodb","service":"media-service","timestamp":"2025-10-11T08:56:32.066Z"}
{"level":"info","message":"Post service running on port 3003","service":"media-service","timestamp":"2025-10-11T08:58:03.659Z"}
{"level":"info","message":"Post service running on port 3003","service":"media-service","timestamp":"2025-10-11T08:58:06.466Z"}
{"level":"info","message":"Connected to mongodb","service":"media-service","timestamp":"2025-10-11T08:58:06.830Z"}
{"level":"info","message":"Post service running on port 3003","service":"media-service","timestamp":"2025-10-11T08:58:12.988Z"}
{"level":"info","message":"Post service running on port 3003","service":"media-service","timestamp":"2025-10-11T08:58:14.536Z"}
{"level":"info","message":"Connected to mongodb","service":"media-service","timestamp":"2025-10-11T08:58:14.843Z"}
{"level":"info","message":"Post service running on port 3003","service":"media-service","timestamp":"2025-10-11T08:58:51.872Z"}
{"level":"info","message":"Post service running on port 3003","service":"media-service","timestamp":"2025-10-11T08:58:53.323Z"}
{"level":"info","message":"Connected to mongodb","service":"media-service","timestamp":"2025-10-11T08:58:53.632Z"}
{"level":"info","message":"Post service running on port 3003","service":"media-service","timestamp":"2025-10-11T08:59:02.471Z"}
{"level":"info","message":"Connected to mongodb","service":"media-service","timestamp":"2025-10-11T08:59:04.894Z"}
{"level":"info","message":"Post service running on port 3003","service":"media-service","timestamp":"2025-10-11T08:59:06.504Z"}
{"level":"info","message":"Connected to mongodb","service":"media-service","timestamp":"2025-10-11T08:59:08.893Z"}
{"level":"info","message":"Post service running on port 3003","service":"media-service","timestamp":"2025-10-11T08:59:14.037Z"}
{"level":"info","message":"Connected to mongodb","service":"media-service","timestamp":"2025-10-11T08:59:16.464Z"}
{"level":"error","message":"Error: It appears you have done something like `app.use(helmet)`, but it should be `app.use(helmet())`.\n    at helmet (C:\\Project\\nodejsMultithreading\\backend\\media-service\\node_modules\\helmet\\index.cjs:516:10)\n    at Layer.handleRequest (C:\\Project\\nodejsMultithreading\\backend\\media-service\\node_modules\\router\\lib\\layer.js:152:17)\n    at trimPrefix (C:\\Project\\nodejsMultithreading\\backend\\media-service\\node_modules\\router\\index.js:342:13)\n    at C:\\Project\\nodejsMultithreading\\backend\\media-service\\node_modules\\router\\index.js:297:9\n    at processParams (C:\\Project\\nodejsMultithreading\\backend\\media-service\\node_modules\\router\\index.js:582:12)\n    at next (C:\\Project\\nodejsMultithreading\\backend\\media-service\\node_modules\\router\\index.js:291:5)\n    at cors (C:\\Project\\nodejsMultithreading\\backend\\media-service\\node_modules\\cors\\lib\\index.js:188:7)\n    at C:\\Project\\nodejsMultithreading\\backend\\media-service\\node_modules\\cors\\lib\\index.js:224:17\n    at originCallback (C:\\Project\\nodejsMultithreading\\backend\\media-service\\node_modules\\cors\\lib\\index.js:214:15)\n    at C:\\Project\\nodejsMultithreading\\backend\\media-service\\node_modules\\cors\\lib\\index.js:219:13","service":"media-service","timestamp":"2025-10-11T09:04:15.741Z"}
{"level":"info","message":"Post service running on port 3003","service":"media-service","timestamp":"2025-10-11T09:04:35.569Z"}
{"level":"info","message":"Connected to mongodb","service":"media-service","timestamp":"2025-10-11T09:04:37.913Z"}
{"level":"error","message":"SyntaxError: Unexpected token '-', \"----------\"... is not valid JSON\n    at JSON.parse (<anonymous>)\n    at createStrictSyntaxError (C:\\Project\\nodejsMultithreading\\backend\\media-service\\node_modules\\body-parser\\lib\\types\\json.js:156:10)\n    at parse (C:\\Project\\nodejsMultithreading\\backend\\media-service\\node_modules\\body-parser\\lib\\types\\json.js:71:15)\n    at C:\\Project\\nodejsMultithreading\\backend\\media-service\\node_modules\\body-parser\\lib\\read.js:123:18\n    at AsyncResource.runInAsyncScope (node:async_hooks:214:14)\n    at invokeCallback (C:\\Project\\nodejsMultithreading\\backend\\media-service\\node_modules\\raw-body\\index.js:238:16)\n    at done (C:\\Project\\nodejsMultithreading\\backend\\media-service\\node_modules\\raw-body\\index.js:227:7)\n    at IncomingMessage.onEnd (C:\\Project\\nodejsMultithreading\\backend\\media-service\\node_modules\\raw-body\\index.js:287:7)\n    at IncomingMessage.emit (node:events:507:28)\n    at endReadableNT (node:internal/streams/readable:1701:12)","service":"media-service","timestamp":"2025-10-11T09:04:39.176Z"}
{"level":"error","message":"PayloadTooLargeError: request entity too large\n    at readStream (C:\\Project\\nodejsMultithreading\\backend\\media-service\\node_modules\\raw-body\\index.js:163:17)\n    at getRawBody (C:\\Project\\nodejsMultithreading\\backend\\media-service\\node_modules\\raw-body\\index.js:116:12)\n    at read (C:\\Project\\nodejsMultithreading\\backend\\media-service\\node_modules\\body-parser\\lib\\read.js:74:3)\n    at jsonParser (C:\\Project\\nodejsMultithreading\\backend\\media-service\\node_modules\\body-parser\\lib\\types\\json.js:125:5)\n    at Layer.handleRequest (C:\\Project\\nodejsMultithreading\\backend\\media-service\\node_modules\\router\\lib\\layer.js:152:17)\n    at trimPrefix (C:\\Project\\nodejsMultithreading\\backend\\media-service\\node_modules\\router\\index.js:342:13)\n    at C:\\Project\\nodejsMultithreading\\backend\\media-service\\node_modules\\router\\index.js:297:9\n    at processParams (C:\\Project\\nodejsMultithreading\\backend\\media-service\\node_modules\\router\\index.js:582:12)\n    at next (C:\\Project\\nodejsMultithreading\\backend\\media-service\\node_modules\\router\\index.js:291:5)\n    at internalNext (C:\\Project\\nodejsMultithreading\\backend\\media-service\\node_modules\\helmet\\index.cjs:531:6)","service":"media-service","timestamp":"2025-10-11T09:06:53.094Z"}
{"level":"info","message":"Post service running on port 3003","service":"media-service","timestamp":"2025-10-11T09:07:58.574Z"}
{"level":"info","message":"Connected to mongodb","service":"media-service","timestamp":"2025-10-11T09:08:00.953Z"}
{"level":"info","message":"Received POST request to /api/media/upload","service":"media-service","timestamp":"2025-10-11T09:08:06.613Z"}
{"level":"info","message":"Received body undefined","service":"media-service","timestamp":"2025-10-11T09:08:06.614Z"}
{"level":"info","message":"Received POST request to /api/media/upload","service":"media-service","timestamp":"2025-10-11T09:08:19.385Z"}
{"level":"info","message":"Received body undefined","service":"media-service","timestamp":"2025-10-11T09:08:19.386Z"}
{"level":"info","message":"Post service running on port 3003","service":"media-service","timestamp":"2025-10-11T09:09:26.499Z"}
{"level":"info","message":"Connected to mongodb","service":"media-service","timestamp":"2025-10-11T09:09:28.817Z"}
{"level":"error","message":"PayloadTooLargeError: request entity too large\n    at readStream (C:\\Project\\nodejsMultithreading\\backend\\media-service\\node_modules\\raw-body\\index.js:163:17)\n    at getRawBody (C:\\Project\\nodejsMultithreading\\backend\\media-service\\node_modules\\raw-body\\index.js:116:12)\n    at read (C:\\Project\\nodejsMultithreading\\backend\\media-service\\node_modules\\body-parser\\lib\\read.js:74:3)\n    at jsonParser (C:\\Project\\nodejsMultithreading\\backend\\media-service\\node_modules\\body-parser\\lib\\types\\json.js:125:5)\n    at Layer.handleRequest (C:\\Project\\nodejsMultithreading\\backend\\media-service\\node_modules\\router\\lib\\layer.js:152:17)\n    at trimPrefix (C:\\Project\\nodejsMultithreading\\backend\\media-service\\node_modules\\router\\index.js:342:13)\n    at C:\\Project\\nodejsMultithreading\\backend\\media-service\\node_modules\\router\\index.js:297:9\n    at processParams (C:\\Project\\nodejsMultithreading\\backend\\media-service\\node_modules\\router\\index.js:582:12)\n    at next (C:\\Project\\nodejsMultithreading\\backend\\media-service\\node_modules\\router\\index.js:291:5)\n    at internalNext (C:\\Project\\nodejsMultithreading\\backend\\media-service\\node_modules\\helmet\\index.cjs:531:6)","service":"media-service","timestamp":"2025-10-11T09:09:31.562Z"}
{"level":"info","message":"Post service running on port 3003","service":"media-service","timestamp":"2025-10-11T09:10:00.293Z"}
{"level":"info","message":"Connected to mongodb","service":"media-service","timestamp":"2025-10-11T09:10:02.633Z"}
{"level":"error","message":"SyntaxError: Unexpected token '-', \"----------\"... is not valid JSON\n    at JSON.parse (<anonymous>)\n    at createStrictSyntaxError (C:\\Project\\nodejsMultithreading\\backend\\media-service\\node_modules\\body-parser\\lib\\types\\json.js:156:10)\n    at parse (C:\\Project\\nodejsMultithreading\\backend\\media-service\\node_modules\\body-parser\\lib\\types\\json.js:71:15)\n    at C:\\Project\\nodejsMultithreading\\backend\\media-service\\node_modules\\body-parser\\lib\\read.js:123:18\n    at AsyncResource.runInAsyncScope (node:async_hooks:214:14)\n    at invokeCallback (C:\\Project\\nodejsMultithreading\\backend\\media-service\\node_modules\\raw-body\\index.js:238:16)\n    at done (C:\\Project\\nodejsMultithreading\\backend\\media-service\\node_modules\\raw-body\\index.js:227:7)\n    at IncomingMessage.onEnd (C:\\Project\\nodejsMultithreading\\backend\\media-service\\node_modules\\raw-body\\index.js:287:7)\n    at IncomingMessage.emit (node:events:507:28)\n    at endReadableNT (node:internal/streams/readable:1701:12)","service":"media-service","timestamp":"2025-10-11T09:10:04.945Z"}
{"level":"error","message":"SyntaxError: Unexpected token '-', \"----------\"... is not valid JSON\n    at JSON.parse (<anonymous>)\n    at createStrictSyntaxError (C:\\Project\\nodejsMultithreading\\backend\\media-service\\node_modules\\body-parser\\lib\\types\\json.js:156:10)\n    at parse (C:\\Project\\nodejsMultithreading\\backend\\media-service\\node_modules\\body-parser\\lib\\types\\json.js:71:15)\n    at C:\\Project\\nodejsMultithreading\\backend\\media-service\\node_modules\\body-parser\\lib\\read.js:123:18\n    at AsyncResource.runInAsyncScope (node:async_hooks:214:14)\n    at invokeCallback (C:\\Project\\nodejsMultithreading\\backend\\media-service\\node_modules\\raw-body\\index.js:238:16)\n    at done (C:\\Project\\nodejsMultithreading\\backend\\media-service\\node_modules\\raw-body\\index.js:227:7)\n    at IncomingMessage.onEnd (C:\\Project\\nodejsMultithreading\\backend\\media-service\\node_modules\\raw-body\\index.js:287:7)\n    at IncomingMessage.emit (node:events:507:28)\n    at endReadableNT (node:internal/streams/readable:1701:12)","service":"media-service","timestamp":"2025-10-11T09:12:38.298Z"}
{"level":"error","message":"SyntaxError: Unexpected token '-', \"----------\"... is not valid JSON\n    at JSON.parse (<anonymous>)\n    at createStrictSyntaxError (C:\\Project\\nodejsMultithreading\\backend\\media-service\\node_modules\\body-parser\\lib\\types\\json.js:156:10)\n    at parse (C:\\Project\\nodejsMultithreading\\backend\\media-service\\node_modules\\body-parser\\lib\\types\\json.js:71:15)\n    at C:\\Project\\nodejsMultithreading\\backend\\media-service\\node_modules\\body-parser\\lib\\read.js:123:18\n    at AsyncResource.runInAsyncScope (node:async_hooks:214:14)\n    at invokeCallback (C:\\Project\\nodejsMultithreading\\backend\\media-service\\node_modules\\raw-body\\index.js:238:16)\n    at done (C:\\Project\\nodejsMultithreading\\backend\\media-service\\node_modules\\raw-body\\index.js:227:7)\n    at IncomingMessage.onEnd (C:\\Project\\nodejsMultithreading\\backend\\media-service\\node_modules\\raw-body\\index.js:287:7)\n    at IncomingMessage.emit (node:events:507:28)\n    at endReadableNT (node:internal/streams/readable:1701:12)","service":"media-service","timestamp":"2025-10-11T09:14:16.338Z"}
{"level":"error","message":"SyntaxError: Unexpected token '-', \"----------\"... is not valid JSON\n    at JSON.parse (<anonymous>)\n    at createStrictSyntaxError (C:\\Project\\nodejsMultithreading\\backend\\media-service\\node_modules\\body-parser\\lib\\types\\json.js:156:10)\n    at parse (C:\\Project\\nodejsMultithreading\\backend\\media-service\\node_modules\\body-parser\\lib\\types\\json.js:71:15)\n    at C:\\Project\\nodejsMultithreading\\backend\\media-service\\node_modules\\body-parser\\lib\\read.js:123:18\n    at AsyncResource.runInAsyncScope (node:async_hooks:214:14)\n    at invokeCallback (C:\\Project\\nodejsMultithreading\\backend\\media-service\\node_modules\\raw-body\\index.js:238:16)\n    at done (C:\\Project\\nodejsMultithreading\\backend\\media-service\\node_modules\\raw-body\\index.js:227:7)\n    at IncomingMessage.onEnd (C:\\Project\\nodejsMultithreading\\backend\\media-service\\node_modules\\raw-body\\index.js:287:7)\n    at IncomingMessage.emit (node:events:507:28)\n    at endReadableNT (node:internal/streams/readable:1701:12)","service":"media-service","timestamp":"2025-10-11T09:15:43.088Z"}
{"level":"error","message":"SyntaxError: Unexpected token '-', \"----------\"... is not valid JSON\n    at JSON.parse (<anonymous>)\n    at createStrictSyntaxError (C:\\Project\\nodejsMultithreading\\backend\\media-service\\node_modules\\body-parser\\lib\\types\\json.js:156:10)\n    at parse (C:\\Project\\nodejsMultithreading\\backend\\media-service\\node_modules\\body-parser\\lib\\types\\json.js:71:15)\n    at C:\\Project\\nodejsMultithreading\\backend\\media-service\\node_modules\\body-parser\\lib\\read.js:123:18\n    at AsyncResource.runInAsyncScope (node:async_hooks:214:14)\n    at invokeCallback (C:\\Project\\nodejsMultithreading\\backend\\media-service\\node_modules\\raw-body\\index.js:238:16)\n    at done (C:\\Project\\nodejsMultithreading\\backend\\media-service\\node_modules\\raw-body\\index.js:227:7)\n    at IncomingMessage.onEnd (C:\\Project\\nodejsMultithreading\\backend\\media-service\\node_modules\\raw-body\\index.js:287:7)\n    at IncomingMessage.emit (node:events:507:28)\n    at endReadableNT (node:internal/streams/readable:1701:12)","service":"media-service","timestamp":"2025-10-11T09:18:16.563Z"}
{"level":"info","message":"Post service running on port 3003","service":"media-service","timestamp":"2025-10-11T09:22:17.826Z"}
{"level":"info","message":"Connected to mongodb","service":"media-service","timestamp":"2025-10-11T09:22:18.160Z"}
{"level":"info","message":"Post service running on port 3003","service":"media-service","timestamp":"2025-10-11T09:22:23.112Z"}
{"level":"info","message":"Connected to mongodb","service":"media-service","timestamp":"2025-10-11T09:22:25.419Z"}
{"level":"info","message":"Post service running on port 3003","service":"media-service","timestamp":"2025-10-11T09:22:30.231Z"}
{"level":"info","message":"Connected to mongodb","service":"media-service","timestamp":"2025-10-11T09:22:32.512Z"}
{"level":"info","message":"Media service running on port 3003","service":"media-service","timestamp":"2025-10-11T09:22:41.449Z"}
{"level":"info","message":"Connected to mongodb","service":"media-service","timestamp":"2025-10-11T09:22:43.764Z"}
{"level":"info","message":"Media service running on port 3003","service":"media-service","timestamp":"2025-10-11T09:22:57.780Z"}
{"level":"info","message":"Media service running on port 3003","service":"media-service","timestamp":"2025-10-11T09:22:59.913Z"}
{"level":"info","message":"Connected to mongodb","service":"media-service","timestamp":"2025-10-11T09:23:00.162Z"}
{"level":"info","message":"Media service running on port 3003","service":"media-service","timestamp":"2025-10-11T09:23:07.958Z"}
{"level":"info","message":"Connected to mongodb","service":"media-service","timestamp":"2025-10-11T09:23:10.302Z"}
{"level":"info","message":"Media service running on port 3003","service":"media-service","timestamp":"2025-10-11T09:23:14.345Z"}
{"level":"info","message":"Connected to mongodb","service":"media-service","timestamp":"2025-10-11T09:23:16.621Z"}
{"level":"info","message":"Media service running on port 3003","service":"media-service","timestamp":"2025-10-11T09:23:24.277Z"}
{"level":"info","message":"Connected to mongodb","service":"media-service","timestamp":"2025-10-11T09:23:26.566Z"}
{"level":"error","message":"SyntaxError: Unexpected token '-', \"----------\"... is not valid JSON\n    at JSON.parse (<anonymous>)\n    at createStrictSyntaxError (C:\\Project\\nodejsMultithreading\\backend\\media-service\\node_modules\\body-parser\\lib\\types\\json.js:156:10)\n    at parse (C:\\Project\\nodejsMultithreading\\backend\\media-service\\node_modules\\body-parser\\lib\\types\\json.js:71:15)\n    at C:\\Project\\nodejsMultithreading\\backend\\media-service\\node_modules\\body-parser\\lib\\read.js:123:18\n    at AsyncResource.runInAsyncScope (node:async_hooks:214:14)\n    at invokeCallback (C:\\Project\\nodejsMultithreading\\backend\\media-service\\node_modules\\raw-body\\index.js:238:16)\n    at done (C:\\Project\\nodejsMultithreading\\backend\\media-service\\node_modules\\raw-body\\index.js:227:7)\n    at IncomingMessage.onEnd (C:\\Project\\nodejsMultithreading\\backend\\media-service\\node_modules\\raw-body\\index.js:287:7)\n    at IncomingMessage.emit (node:events:507:28)\n    at endReadableNT (node:internal/streams/readable:1701:12)","service":"media-service","timestamp":"2025-10-11T09:25:29.724Z"}
{"level":"info","message":"Media service running on port 3003","service":"media-service","timestamp":"2025-10-11T09:25:55.457Z"}
{"level":"info","message":"Connected to mongodb","service":"media-service","timestamp":"2025-10-11T09:25:57.751Z"}
{"level":"info","message":"Media service running on port 3003","service":"media-service","timestamp":"2025-10-11T09:26:02.620Z"}
{"level":"info","message":"Connected to mongodb","service":"media-service","timestamp":"2025-10-11T09:26:04.911Z"}
{"level":"info","message":"Media service running on port 3003","service":"media-service","timestamp":"2025-10-11T09:26:10.139Z"}
{"level":"info","message":"Connected to mongodb","service":"media-service","timestamp":"2025-10-11T09:26:12.452Z"}
{"level":"info","message":"Media service running on port 3003","service":"media-service","timestamp":"2025-10-11T09:26:18.198Z"}
{"level":"info","message":"Connected to mongodb","service":"media-service","timestamp":"2025-10-11T09:26:20.462Z"}
{"level":"error","message":"SyntaxError: Unexpected token '-', \"----------\"... is not valid JSON\n    at JSON.parse (<anonymous>)\n    at createStrictSyntaxError (C:\\Project\\nodejsMultithreading\\backend\\media-service\\node_modules\\body-parser\\lib\\types\\json.js:156:10)\n    at parse (C:\\Project\\nodejsMultithreading\\backend\\media-service\\node_modules\\body-parser\\lib\\types\\json.js:71:15)\n    at C:\\Project\\nodejsMultithreading\\backend\\media-service\\node_modules\\body-parser\\lib\\read.js:123:18\n    at AsyncResource.runInAsyncScope (node:async_hooks:214:14)\n    at invokeCallback (C:\\Project\\nodejsMultithreading\\backend\\media-service\\node_modules\\raw-body\\index.js:238:16)\n    at done (C:\\Project\\nodejsMultithreading\\backend\\media-service\\node_modules\\raw-body\\index.js:227:7)\n    at IncomingMessage.onEnd (C:\\Project\\nodejsMultithreading\\backend\\media-service\\node_modules\\raw-body\\index.js:287:7)\n    at IncomingMessage.emit (node:events:507:28)\n    at endReadableNT (node:internal/streams/readable:1701:12)","service":"media-service","timestamp":"2025-10-11T09:26:24.351Z"}
{"level":"info","message":"Media service running on port 3003","service":"media-service","timestamp":"2025-10-11T09:27:15.460Z"}
{"level":"info","message":"Connected to mongodb","service":"media-service","timestamp":"2025-10-11T09:27:17.726Z"}
{"level":"error","message":"SyntaxError: Unexpected token '-', \"----------\"... is not valid JSON\n    at JSON.parse (<anonymous>)\n    at createStrictSyntaxError (C:\\Project\\nodejsMultithreading\\backend\\media-service\\node_modules\\body-parser\\lib\\types\\json.js:156:10)\n    at parse (C:\\Project\\nodejsMultithreading\\backend\\media-service\\node_modules\\body-parser\\lib\\types\\json.js:71:15)\n    at C:\\Project\\nodejsMultithreading\\backend\\media-service\\node_modules\\body-parser\\lib\\read.js:123:18\n    at AsyncResource.runInAsyncScope (node:async_hooks:214:14)\n    at invokeCallback (C:\\Project\\nodejsMultithreading\\backend\\media-service\\node_modules\\raw-body\\index.js:238:16)\n    at done (C:\\Project\\nodejsMultithreading\\backend\\media-service\\node_modules\\raw-body\\index.js:227:7)\n    at IncomingMessage.onEnd (C:\\Project\\nodejsMultithreading\\backend\\media-service\\node_modules\\raw-body\\index.js:287:7)\n    at IncomingMessage.emit (node:events:507:28)\n    at endReadableNT (node:internal/streams/readable:1701:12)","service":"media-service","timestamp":"2025-10-11T09:27:27.664Z"}
{"level":"info","message":"Media service running on port 3003","service":"media-service","timestamp":"2025-10-11T09:28:37.713Z"}
{"level":"info","message":"Connected to mongodb","service":"media-service","timestamp":"2025-10-11T09:28:40.051Z"}
{"level":"info","message":"Received POST request to /api/media/upload","service":"media-service","timestamp":"2025-10-11T09:28:43.923Z"}
{"level":"info","message":"Received body undefined","service":"media-service","timestamp":"2025-10-11T09:28:43.924Z"}
{"level":"info","message":"Received POST request to /api/media/upload","service":"media-service","timestamp":"2025-10-11T09:34:21.699Z"}
{"level":"info","message":"Received body undefined","service":"media-service","timestamp":"2025-10-11T09:34:21.700Z"}
{"level":"info","message":"Received POST request to /api/media/upload","service":"media-service","timestamp":"2025-10-11T09:35:22.512Z"}
{"level":"info","message":"Received body undefined","service":"media-service","timestamp":"2025-10-11T09:35:22.513Z"}
{"level":"info","message":"Received POST request to /api/media/upload","service":"media-service","timestamp":"2025-10-11T09:35:44.664Z"}
{"level":"info","message":"Received body undefined","service":"media-service","timestamp":"2025-10-11T09:35:44.665Z"}
{"level":"info","message":"Received POST request to /api/media/upload","service":"media-service","timestamp":"2025-10-11T09:36:37.783Z"}
{"level":"info","message":"Received body undefined","service":"media-service","timestamp":"2025-10-11T09:36:37.783Z"}
{"level":"info","message":"Received POST request to /api/media/upload","service":"media-service","timestamp":"2025-10-11T09:36:58.093Z"}
{"level":"info","message":"Received body undefined","service":"media-service","timestamp":"2025-10-11T09:36:58.094Z"}
{"level":"info","message":"Media service running on port 3003","service":"media-service","timestamp":"2025-10-11T09:45:23.193Z"}
{"level":"info","message":"Connected to mongodb","service":"media-service","timestamp":"2025-10-11T09:45:25.460Z"}
{"level":"info","message":"Received POST request to /api/media/upload","service":"media-service","timestamp":"2025-10-11T09:49:42.700Z"}
{"level":"info","message":"Received body undefined","service":"media-service","timestamp":"2025-10-11T09:49:42.700Z"}
{"level":"info","message":"Media service running on port 3003","service":"media-service","timestamp":"2025-10-11T09:51:43.178Z"}
{"level":"info","message":"Connected to mongodb","service":"media-service","timestamp":"2025-10-11T09:51:45.548Z"}
{"level":"info","message":"Received POST request to /api/media/upload","service":"media-service","timestamp":"2025-10-11T09:51:48.452Z"}
{"level":"info","message":"Received body undefined","service":"media-service","timestamp":"2025-10-11T09:51:48.453Z"}
{"level":"info","message":"Media service running on port 3003","service":"media-service","timestamp":"2025-10-11T09:56:31.686Z"}
{"level":"info","message":"Connected to mongodb","service":"media-service","timestamp":"2025-10-11T09:56:34.076Z"}
{"level":"info","message":"Media service running on port 3003","service":"media-service","timestamp":"2025-10-11T09:56:35.151Z"}
{"level":"info","message":"Connected to mongodb","service":"media-service","timestamp":"2025-10-11T09:56:37.536Z"}
{"level":"info","message":"Media service running on port 3003","service":"media-service","timestamp":"2025-10-11T09:56:47.990Z"}
{"level":"info","message":"Media service running on port 3003","service":"media-service","timestamp":"2025-10-11T09:56:49.697Z"}
{"level":"info","message":"Connected to mongodb","service":"media-service","timestamp":"2025-10-11T09:56:49.982Z"}
{"level":"info","message":"Received POST request to /api/media/upload","service":"media-service","timestamp":"2025-10-11T09:59:07.505Z"}
{"level":"info","message":"Received body undefined","service":"media-service","timestamp":"2025-10-11T09:59:07.506Z"}
{"level":"error","message":"Unknown error occured while uploading:  Multipart: Boundary not found","service":"media-service","stack":"Error: Multipart: Boundary not found\n    at new Multipart (C:\\Project\\nodejsMultithreading\\backend\\media-service\\node_modules\\busboy\\lib\\types\\multipart.js:233:13)\n    at getInstance (C:\\Project\\nodejsMultithreading\\backend\\media-service\\node_modules\\busboy\\lib\\index.js:33:12)\n    at module.exports (C:\\Project\\nodejsMultithreading\\backend\\media-service\\node_modules\\busboy\\lib\\index.js:56:10)\n    at multerMiddleware (C:\\Project\\nodejsMultithreading\\backend\\media-service\\node_modules\\multer\\lib\\make-middleware.js:38:16)\n    at C:\\Project\\nodejsMultithreading\\backend\\media-service\\src\\routes\\media-routes.js:21:5\n    at Layer.handleRequest (C:\\Project\\nodejsMultithreading\\backend\\media-service\\node_modules\\router\\lib\\layer.js:152:17)\n    at next (C:\\Project\\nodejsMultithreading\\backend\\media-service\\node_modules\\router\\lib\\route.js:157:13)\n    at authenticateRequest (C:\\Project\\nodejsMultithreading\\backend\\media-service\\src\\middlewares\\auth-middleware.js:15:5)\n    at Layer.handleRequest (C:\\Project\\nodejsMultithreading\\backend\\media-service\\node_modules\\router\\lib\\layer.js:152:17)\n    at next (C:\\Project\\nodejsMultithreading\\backend\\media-service\\node_modules\\router\\lib\\route.js:157:13)","timestamp":"2025-10-11T09:59:07.509Z"}
{"level":"info","message":"Received POST request to /api/media/upload","service":"media-service","timestamp":"2025-10-11T10:01:36.210Z"}
{"level":"info","message":"Received body undefined","service":"media-service","timestamp":"2025-10-11T10:01:36.210Z"}
{"level":"info","message":"Starting media upload","service":"media-service","timestamp":"2025-10-11T10:01:36.219Z"}
{"level":"info","message":"File details: name=1759668788429.jpg, type=image/jpeg","service":"media-service","timestamp":"2025-10-11T10:01:36.220Z"}
{"level":"info","message":"Uploading to cloudinary starting...","service":"media-service","timestamp":"2025-10-11T10:01:36.221Z"}
{"level":"info","message":"Cloudinary upload successfully. Public Id: - ykwha1jekdhj0bb2vibl","service":"media-service","timestamp":"2025-10-11T10:01:38.267Z"}
{"_message":"Media validation failed","errors":{"type":{"kind":"required","message":"Path `type` is required.","name":"ValidatorError","path":"type","properties":{"message":"Path `type` is required.","path":"type","type":"required"}}},"level":"info","message":"Error creating media  Media validation failed: type: Path `type` is required.","service":"media-service","stack":"ValidationError: Media validation failed: type: Path `type` is required.\n    at Document.invalidate (C:\\Project\\nodejsMultithreading\\backend\\media-service\\node_modules\\mongoose\\lib\\document.js:3362:32)\n    at C:\\Project\\nodejsMultithreading\\backend\\media-service\\node_modules\\mongoose\\lib\\document.js:3123:17\n    at C:\\Project\\nodejsMultithreading\\backend\\media-service\\node_modules\\mongoose\\lib\\schemaType.js:1417:9\n    at process.processTicksAndRejections (node:internal/process/task_queues:85:11)","timestamp":"2025-10-11T10:01:38.282Z"}
{"level":"info","message":"Media service running on port 3003","service":"media-service","timestamp":"2025-10-11T10:02:24.652Z"}
{"level":"info","message":"Connected to mongodb","service":"media-service","timestamp":"2025-10-11T10:02:27.182Z"}
{"level":"info","message":"Media service running on port 3003","service":"media-service","timestamp":"2025-10-11T10:05:13.996Z"}
{"level":"info","message":"Connected to mongodb","service":"media-service","timestamp":"2025-10-11T10:05:16.529Z"}
{"level":"info","message":"Received POST request to /api/media/upload","service":"media-service","timestamp":"2025-10-11T10:05:18.510Z"}
{"level":"info","message":"Received body undefined","service":"media-service","timestamp":"2025-10-11T10:05:18.510Z"}
{"level":"info","message":"Starting media upload","service":"media-service","timestamp":"2025-10-11T10:05:18.519Z"}
{"level":"info","message":"File details: name=1759668788429.jpg, type=image/jpeg","service":"media-service","timestamp":"2025-10-11T10:05:18.520Z"}
{"level":"info","message":"Uploading to cloudinary starting...","service":"media-service","timestamp":"2025-10-11T10:05:18.520Z"}
{"level":"info","message":"Cloudinary upload successfully. Public Id: - hcjfxe93qendumhx5pwo","service":"media-service","timestamp":"2025-10-11T10:05:20.459Z"}
{"level":"info","message":"Media service running on port 3003","service":"media-service","timestamp":"2025-10-11T10:06:27.638Z"}
{"level":"info","message":"Connected to mongodb","service":"media-service","timestamp":"2025-10-11T10:06:29.914Z"}
{"level":"info","message":"Received POST request to /api/media/upload","service":"media-service","timestamp":"2025-10-11T10:06:33.161Z"}
{"level":"info","message":"Received body undefined","service":"media-service","timestamp":"2025-10-11T10:06:33.162Z"}
{"level":"info","message":"Starting media upload","service":"media-service","timestamp":"2025-10-11T10:06:33.172Z"}
{"level":"info","message":"File details: name=1759668788429.jpg, type=image/jpeg","service":"media-service","timestamp":"2025-10-11T10:06:33.173Z"}
{"level":"info","message":"Uploading to cloudinary starting...","service":"media-service","timestamp":"2025-10-11T10:06:33.174Z"}
{"level":"info","message":"Cloudinary upload successfully. Public Id: - jmry4bcc7a06o18tnwuu","service":"media-service","timestamp":"2025-10-11T10:06:35.080Z"}
{"level":"info","message":"Media service running on port 3003","service":"media-service","timestamp":"2025-10-11T10:11:51.686Z"}
{"level":"info","message":"Connected to mongodb","service":"media-service","timestamp":"2025-10-11T10:11:54.034Z"}
{"level":"info","message":"Received POST request to /api/media/upload","service":"media-service","timestamp":"2025-10-11T10:12:19.500Z"}
{"level":"info","message":"Received body undefined","service":"media-service","timestamp":"2025-10-11T10:12:19.501Z"}
{"level":"info","message":"Starting media upload","service":"media-service","timestamp":"2025-10-11T10:12:19.512Z"}
{"level":"info","message":"File details: name=1759668788429.jpg, type=image/jpeg","service":"media-service","timestamp":"2025-10-11T10:12:19.513Z"}
{"level":"info","message":"Uploading to cloudinary starting...","service":"media-service","timestamp":"2025-10-11T10:12:19.513Z"}
{"level":"info","message":"Cloudinary upload successfully. Public Id: - uycasjzf5pvpu3cpgybd","service":"media-service","timestamp":"2025-10-11T10:12:22.023Z"}
{"level":"info","message":"Media service running on port 3003","service":"media-service","timestamp":"2025-10-13T17:58:24.548Z"}
{"level":"info","message":"Connected to mongodb","service":"media-service","timestamp":"2025-10-13T17:58:29.930Z"}
{"level":"info","message":"Media service running on port 3003","service":"media-service","timestamp":"2025-10-13T18:00:07.611Z"}
{"level":"info","message":"Connected to mongodb","service":"media-service","timestamp":"2025-10-13T18:00:13.214Z"}
{"level":"info","message":"Media service running on port 3003","service":"media-service","timestamp":"2025-10-13T18:00:16.504Z"}
{"level":"info","message":"Media service running on port 3003","service":"media-service","timestamp":"2025-10-13T18:00:46.991Z"}
{"level":"info","message":"Media service running on port 3003","service":"media-service","timestamp":"2025-10-13T18:00:49.127Z"}
{"level":"info","message":"Connected to mongodb","service":"media-service","timestamp":"2025-10-13T18:00:49.626Z"}
{"level":"info","message":"Media service running on port 3003","service":"media-service","timestamp":"2025-10-13T18:00:54.360Z"}
{"level":"info","message":"Media service running on port 3003","service":"media-service","timestamp":"2025-10-13T18:01:01.280Z"}
{"level":"info","message":"Connected to mongodb","service":"media-service","timestamp":"2025-10-13T18:01:01.668Z"}
{"level":"info","message":"Media service running on port 3003","service":"media-service","timestamp":"2025-10-13T18:01:06.283Z"}
{"level":"info","message":"Media service running on port 3003","service":"media-service","timestamp":"2025-10-13T18:01:11.089Z"}
{"level":"info","message":"Connected to mongodb","service":"media-service","timestamp":"2025-10-13T18:01:11.457Z"}
{"level":"info","message":"Media service running on port 3003","service":"media-service","timestamp":"2025-10-13T18:01:13.966Z"}
{"level":"info","message":"Media service running on port 3003","service":"media-service","timestamp":"2025-10-13T18:01:18.960Z"}
{"level":"info","message":"Connected to mongodb","service":"media-service","timestamp":"2025-10-13T18:01:19.298Z"}
{"level":"info","message":"Media service running on port 3003","service":"media-service","timestamp":"2025-10-13T18:01:31.082Z"}
{"level":"info","message":"Media service running on port 3003","service":"media-service","timestamp":"2025-10-13T18:01:36.144Z"}
{"level":"info","message":"Media service running on port 3003","service":"media-service","timestamp":"2025-10-13T18:01:38.306Z"}
{"level":"info","message":"Media service running on port 3003","service":"media-service","timestamp":"2025-10-13T18:01:43.913Z"}
{"level":"info","message":"Connected to mongodb","service":"media-service","timestamp":"2025-10-13T18:01:44.369Z"}
{"level":"info","message":"Media service running on port 3003","service":"media-service","timestamp":"2025-10-13T18:01:48.823Z"}
{"level":"info","message":"Connected to mongodb","service":"media-service","timestamp":"2025-10-13T18:01:54.299Z"}
{"level":"info","message":"Media service running on port 3003","service":"media-service","timestamp":"2025-10-13T18:02:00.057Z"}
{"level":"info","message":"Media service running on port 3003","service":"media-service","timestamp":"2025-10-13T18:02:04.242Z"}
{"level":"info","message":"Connected to mongodb","service":"media-service","timestamp":"2025-10-13T18:02:04.582Z"}
{"level":"info","message":"Media service running on port 3003","service":"media-service","timestamp":"2025-10-13T18:02:06.462Z"}
{"level":"info","message":"Connected to mongodb","service":"media-service","timestamp":"2025-10-13T18:02:11.962Z"}
{"level":"info","message":"Media service running on port 3003","service":"media-service","timestamp":"2025-10-13T18:06:09.281Z"}
{"level":"info","message":"Connected to mongodb","service":"media-service","timestamp":"2025-10-13T18:06:15.033Z"}
{"level":"info","message":"Media service running on port 3003","service":"media-service","timestamp":"2025-10-13T18:06:16.519Z"}
{"level":"info","message":"Connected to mongodb","service":"media-service","timestamp":"2025-10-13T18:06:21.895Z"}
{"level":"info","message":"Media service running on port 3003","service":"media-service","timestamp":"2025-10-13T18:06:25.889Z"}
{"level":"info","message":"Connected to mongodb","service":"media-service","timestamp":"2025-10-13T18:06:31.285Z"}
{"level":"info","message":"Media service running on port 3003","service":"media-service","timestamp":"2025-10-13T18:06:59.740Z"}
{"level":"info","message":"Connected to mongodb","service":"media-service","timestamp":"2025-10-13T18:07:05.217Z"}
{"level":"info","message":"Media service running on port 3003","service":"media-service","timestamp":"2025-10-13T18:07:19.913Z"}
{"level":"info","message":"Media service running on port 3003","service":"media-service","timestamp":"2025-10-13T18:07:23.767Z"}
{"level":"info","message":"Connected to mongodb","service":"media-service","timestamp":"2025-10-13T18:07:24.177Z"}
{"level":"info","message":"Media service running on port 3003","service":"media-service","timestamp":"2025-10-13T18:07:31.419Z"}
{"level":"info","message":"Media service running on port 3003","service":"media-service","timestamp":"2025-10-13T18:07:33.646Z"}
{"level":"info","message":"Connected to mongodb","service":"media-service","timestamp":"2025-10-13T18:07:33.958Z"}
{"level":"info","message":"Media service running on port 3003","service":"media-service","timestamp":"2025-10-13T18:08:17.971Z"}
{"level":"info","message":"Connected to mongodb","service":"media-service","timestamp":"2025-10-13T18:08:23.361Z"}
{"level":"info","message":"Media service running on port 3003","service":"media-service","timestamp":"2025-10-13T18:08:32.914Z"}
{"level":"info","message":"Media service running on port 3003","service":"media-service","timestamp":"2025-10-13T18:08:38.519Z"}
{"level":"info","message":"Connected to mongodb","service":"media-service","timestamp":"2025-10-13T18:08:38.843Z"}
{"level":"info","message":"Media service running on port 3003","service":"media-service","timestamp":"2025-10-13T18:08:48.676Z"}
{"level":"info","message":"Connected to mongodb","service":"media-service","timestamp":"2025-10-13T18:08:54.094Z"}
{"level":"info","message":"Media service running on port 3003","service":"media-service","timestamp":"2025-10-13T18:09:04.595Z"}
{"level":"info","message":"Media service running on port 3003","service":"media-service","timestamp":"2025-10-13T18:09:07.518Z"}
{"level":"info","message":"Connected to mongodb","service":"media-service","timestamp":"2025-10-13T18:09:07.823Z"}
{"level":"info","message":"Media service running on port 3003","service":"media-service","timestamp":"2025-10-13T18:09:12.483Z"}
{"level":"info","message":"Media service running on port 3003","service":"media-service","timestamp":"2025-10-13T18:09:16.912Z"}
{"level":"info","message":"Connected to mongodb","service":"media-service","timestamp":"2025-10-13T18:09:17.246Z"}
{"level":"info","message":"Media service running on port 3003","service":"media-service","timestamp":"2025-10-13T18:09:19.440Z"}
{"level":"info","message":"Media service running on port 3003","service":"media-service","timestamp":"2025-10-13T18:09:22.098Z"}
{"level":"info","message":"Connected to mongodb","service":"media-service","timestamp":"2025-10-13T18:09:22.865Z"}
{"level":"info","message":"Media service running on port 3003","service":"media-service","timestamp":"2025-10-13T18:09:24.195Z"}
{"level":"info","message":"Media service running on port 3003","service":"media-service","timestamp":"2025-10-13T18:09:26.591Z"}
{"level":"info","message":"Media service running on port 3003","service":"media-service","timestamp":"2025-10-13T18:09:27.822Z"}
{"level":"info","message":"Connected to mongodb","service":"media-service","timestamp":"2025-10-13T18:09:33.284Z"}
{"level":"info","message":"Media service running on port 3003","service":"media-service","timestamp":"2025-10-13T18:09:35.135Z"}
{"level":"info","message":"Connected to mongodb","service":"media-service","timestamp":"2025-10-13T18:09:40.580Z"}
{"level":"info","message":"Media service running on port 3003","service":"media-service","timestamp":"2025-10-13T18:10:27.348Z"}
{"level":"info","message":"Media service running on port 3003","service":"media-service","timestamp":"2025-10-13T18:10:40.164Z"}
{"level":"info","message":"Media service running on port 3003","service":"media-service","timestamp":"2025-10-13T18:10:51.183Z"}
{"level":"info","message":"Media service running on port 3003","service":"media-service","timestamp":"2025-10-13T18:10:59.037Z"}
{"level":"info","message":"Connected to mongodb","service":"media-service","timestamp":"2025-10-13T18:11:04.430Z"}
{"level":"info","message":"Received GET request to /api/media/get","service":"media-service","timestamp":"2025-10-13T18:13:29.688Z"}
{"level":"info","message":"Received body undefined","service":"media-service","timestamp":"2025-10-13T18:13:29.688Z"}
{"level":"error","message":"Error fetching media  res.result is not a function","service":"media-service","stack":"TypeError: res.result is not a function\n    at getAllMedia (C:\\Project\\nodejsMultithreading\\backend\\media-service\\src\\controllers\\media-controller.js:56:9)\n    at process.processTicksAndRejections (node:internal/process/task_queues:95:5)","timestamp":"2025-10-13T18:13:29.727Z"}
{"level":"info","message":"Media service running on port 3003","service":"media-service","timestamp":"2025-10-13T18:14:07.567Z"}
{"level":"info","message":"Media service running on port 3003","service":"media-service","timestamp":"2025-10-13T18:14:13.523Z"}
{"level":"info","message":"Connected to mongodb","service":"media-service","timestamp":"2025-10-13T18:14:13.795Z"}
{"level":"info","message":"Media service running on port 3003","service":"media-service","timestamp":"2025-10-13T18:14:17.365Z"}
{"level":"info","message":"Received GET request to /api/media/get","service":"media-service","timestamp":"2025-10-13T18:14:19.153Z"}
{"level":"info","message":"Received body undefined","service":"media-service","timestamp":"2025-10-13T18:14:19.154Z"}
{"level":"info","message":"Connected to mongodb","service":"media-service","timestamp":"2025-10-13T18:14:23.019Z"}
{"level":"info","message":"Media service running on port 3003","service":"media-service","timestamp":"2025-10-13T18:27:05.363Z"}
{"level":"info","message":"Media service running on port 3003","service":"media-service","timestamp":"2025-10-13T18:27:06.963Z"}
{"level":"info","message":"Connected to mongodb","service":"media-service","timestamp":"2025-10-13T18:27:07.433Z"}
{"level":"info","message":"Media service running on port 3003","service":"media-service","timestamp":"2025-10-13T18:54:35.865Z"}
{"level":"info","message":"Connected to rabbitMq","service":"media-service","timestamp":"2025-10-13T18:54:35.904Z"}
{"level":"info","message":"Subscribed to event : post.deleted","service":"media-service","timestamp":"2025-10-13T18:54:35.946Z"}
{"level":"info","message":"Media service running on port 3003","service":"media-service","timestamp":"2025-10-13T18:54:35.947Z"}
{"level":"info","message":"Media service running on port 3003","service":"media-service","timestamp":"2025-10-13T18:54:39.343Z"}
{"level":"info","message":"Connected to rabbitMq","service":"media-service","timestamp":"2025-10-13T18:54:39.420Z"}
{"level":"info","message":"Subscribed to event : post.deleted","service":"media-service","timestamp":"2025-10-13T18:54:39.426Z"}
{"level":"info","message":"Media service running on port 3003","service":"media-service","timestamp":"2025-10-13T18:54:39.427Z"}
{"level":"info","message":"Connected to mongodb","service":"media-service","timestamp":"2025-10-13T18:54:39.745Z"}
{"level":"info","message":"Media service running on port 3003","service":"media-service","timestamp":"2025-10-13T18:55:00.836Z"}
{"level":"info","message":"Connected to rabbitMq","service":"media-service","timestamp":"2025-10-13T18:55:00.863Z"}
{"level":"info","message":"Subscribed to event : post.deleted","service":"media-service","timestamp":"2025-10-13T18:55:00.871Z"}
{"level":"info","message":"Media service running on port 3003","service":"media-service","timestamp":"2025-10-13T18:55:00.873Z"}
{"level":"info","message":"Media service running on port 3003","service":"media-service","timestamp":"2025-10-13T18:55:05.876Z"}
{"level":"info","message":"Connected to rabbitMq","service":"media-service","timestamp":"2025-10-13T18:55:05.962Z"}
{"level":"info","message":"Subscribed to event : post.deleted","service":"media-service","timestamp":"2025-10-13T18:55:05.968Z"}
{"level":"info","message":"Media service running on port 3003","service":"media-service","timestamp":"2025-10-13T18:55:05.970Z"}
{"level":"info","message":"Connected to mongodb","service":"media-service","timestamp":"2025-10-13T18:55:06.221Z"}
{"level":"info","message":"Media service running on port 3003","service":"media-service","timestamp":"2025-10-13T18:55:10.445Z"}
{"level":"info","message":"Connected to rabbitMq","service":"media-service","timestamp":"2025-10-13T18:55:10.476Z"}
{"level":"info","message":"Subscribed to event : post.deleted","service":"media-service","timestamp":"2025-10-13T18:55:10.486Z"}
{"level":"info","message":"Media service running on port 3003","service":"media-service","timestamp":"2025-10-13T18:55:10.488Z"}
{"level":"info","message":"Media service running on port 3003","service":"media-service","timestamp":"2025-10-13T18:55:12.929Z"}
{"level":"info","message":"Connected to rabbitMq","service":"media-service","timestamp":"2025-10-13T18:55:13.004Z"}
{"level":"info","message":"Subscribed to event : post.deleted","service":"media-service","timestamp":"2025-10-13T18:55:13.009Z"}
{"level":"info","message":"Media service running on port 3003","service":"media-service","timestamp":"2025-10-13T18:55:13.011Z"}
{"level":"info","message":"Connected to mongodb","service":"media-service","timestamp":"2025-10-13T18:55:13.238Z"}
{"level":"info","message":"Media service running on port 3003","service":"media-service","timestamp":"2025-10-13T18:55:16.252Z"}
{"level":"info","message":"Connected to rabbitMq","service":"media-service","timestamp":"2025-10-13T18:55:16.275Z"}
{"level":"info","message":"Subscribed to event : post.deleted","service":"media-service","timestamp":"2025-10-13T18:55:16.281Z"}
{"level":"info","message":"Media service running on port 3003","service":"media-service","timestamp":"2025-10-13T18:55:16.282Z"}
{"level":"info","message":"Media service running on port 3003","service":"media-service","timestamp":"2025-10-13T18:55:19.607Z"}
{"level":"info","message":"Connected to rabbitMq","service":"media-service","timestamp":"2025-10-13T18:55:19.687Z"}
{"level":"info","message":"Subscribed to event : post.deleted","service":"media-service","timestamp":"2025-10-13T18:55:19.693Z"}
{"level":"info","message":"Media service running on port 3003","service":"media-service","timestamp":"2025-10-13T18:55:19.694Z"}
{"level":"info","message":"Connected to mongodb","service":"media-service","timestamp":"2025-10-13T18:55:19.868Z"}
{"level":"info","message":"Media service running on port 3003","service":"media-service","timestamp":"2025-10-13T18:55:33.341Z"}
{"level":"info","message":"Connected to rabbitMq","service":"media-service","timestamp":"2025-10-13T18:55:33.364Z"}
{"level":"info","message":"Subscribed to event : post.deleted","service":"media-service","timestamp":"2025-10-13T18:55:33.371Z"}
{"level":"info","message":"Media service running on port 3003","service":"media-service","timestamp":"2025-10-13T18:55:33.373Z"}
{"level":"info","message":"Media service running on port 3003","service":"media-service","timestamp":"2025-10-13T18:55:37.871Z"}
{"level":"info","message":"Connected to rabbitMq","service":"media-service","timestamp":"2025-10-13T18:55:37.943Z"}
{"level":"info","message":"Subscribed to event : post.deleted","service":"media-service","timestamp":"2025-10-13T18:55:37.949Z"}
{"level":"info","message":"Media service running on port 3003","service":"media-service","timestamp":"2025-10-13T18:55:37.951Z"}
{"level":"info","message":"Connected to mongodb","service":"media-service","timestamp":"2025-10-13T18:55:38.180Z"}
{"level":"info","message":"Media service running on port 3003","service":"media-service","timestamp":"2025-10-13T18:55:44.134Z"}
{"level":"info","message":"Connected to rabbitMq","service":"media-service","timestamp":"2025-10-13T18:55:44.178Z"}
{"level":"info","message":"Subscribed to event : post.deleted","service":"media-service","timestamp":"2025-10-13T18:55:44.185Z"}
{"level":"info","message":"Media service running on port 3003","service":"media-service","timestamp":"2025-10-13T18:55:44.187Z"}
{"level":"info","message":"Media service running on port 3003","service":"media-service","timestamp":"2025-10-13T18:55:48.385Z"}
{"level":"info","message":"Connected to rabbitMq","service":"media-service","timestamp":"2025-10-13T18:55:48.473Z"}
{"level":"info","message":"Subscribed to event : post.deleted","service":"media-service","timestamp":"2025-10-13T18:55:48.480Z"}
{"level":"info","message":"Media service running on port 3003","service":"media-service","timestamp":"2025-10-13T18:55:48.481Z"}
{"level":"info","message":"Connected to mongodb","service":"media-service","timestamp":"2025-10-13T18:55:48.688Z"}
{"level":"info","message":"Media service running on port 3003","service":"media-service","timestamp":"2025-10-13T18:59:59.145Z"}
{"level":"info","message":"Connected to rabbitMq","service":"media-service","timestamp":"2025-10-13T18:59:59.174Z"}
{"level":"info","message":"Subscribed to event : post.deleted","service":"media-service","timestamp":"2025-10-13T18:59:59.180Z"}
{"level":"info","message":"Media service running on port 3003","service":"media-service","timestamp":"2025-10-13T18:59:59.182Z"}
{"level":"info","message":"Connected to mongodb","service":"media-service","timestamp":"2025-10-13T19:00:04.613Z"}
{"level":"info","message":"Connected to rabbitMq","service":"media-service","timestamp":"2025-10-13T19:00:38.078Z"}
{"level":"info","message":"Subscribed to event : post.deleted","service":"media-service","timestamp":"2025-10-13T19:00:38.088Z"}
{"level":"info","message":"Media service running on port 3003","service":"media-service","timestamp":"2025-10-13T19:00:38.091Z"}
{"level":"info","message":"Connected to mongodb","service":"media-service","timestamp":"2025-10-13T19:00:43.505Z"}
{"level":"info","message":"Connected to rabbitMq","service":"media-service","timestamp":"2025-10-13T19:00:52.151Z"}
{"level":"info","message":"Subscribed to event : post.deleted","service":"media-service","timestamp":"2025-10-13T19:00:52.161Z"}
{"level":"info","message":"Media service running on port 3003","service":"media-service","timestamp":"2025-10-13T19:00:52.164Z"}
{"level":"info","message":"Connected to mongodb","service":"media-service","timestamp":"2025-10-13T19:00:57.677Z"}
{"level":"info","message":"Received POST request to /api/media/upload","service":"media-service","timestamp":"2025-10-13T19:04:03.103Z"}
{"level":"info","message":"Received body undefined","service":"media-service","timestamp":"2025-10-13T19:04:03.104Z"}
{"level":"info","message":"Starting media upload","service":"media-service","timestamp":"2025-10-13T19:04:03.114Z"}
{"level":"info","message":"File details: name=Ellipse 1.png, type=image/png","service":"media-service","timestamp":"2025-10-13T19:04:03.114Z"}
{"level":"info","message":"Uploading to cloudinary starting...","service":"media-service","timestamp":"2025-10-13T19:04:03.115Z"}
{"level":"info","message":"Cloudinary upload successfully. Public Id: - ouq7g9dckizzjk8tuzp8","service":"media-service","timestamp":"2025-10-13T19:04:04.796Z"}
{"level":"info","message":"Received GET request to /api/media/get","service":"media-service","timestamp":"2025-10-13T19:07:41.536Z"}
{"level":"info","message":"Received body undefined","service":"media-service","timestamp":"2025-10-13T19:07:41.537Z"}
{"level":"info","message":"Connected to rabbitMq","service":"media-service","timestamp":"2025-10-13T19:10:33.923Z"}
{"level":"info","message":"Subscribed to event : post.deleted","service":"media-service","timestamp":"2025-10-13T19:10:33.933Z"}
{"level":"info","message":"Media service running on port 3003","service":"media-service","timestamp":"2025-10-13T19:10:33.936Z"}
{"level":"info","message":"Connected to rabbitMq","service":"media-service","timestamp":"2025-10-13T19:10:39.141Z"}
{"level":"info","message":"Subscribed to event : post.deleted","service":"media-service","timestamp":"2025-10-13T19:10:39.150Z"}
{"level":"info","message":"Media service running on port 3003","service":"media-service","timestamp":"2025-10-13T19:10:39.154Z"}
{"level":"info","message":"Connected to mongodb","service":"media-service","timestamp":"2025-10-13T19:10:39.326Z"}
{"level":"info","message":"Connected to rabbitMq","service":"media-service","timestamp":"2025-10-13T19:10:40.915Z"}
{"level":"info","message":"Subscribed to event : post.deleted","service":"media-service","timestamp":"2025-10-13T19:10:40.925Z"}
{"level":"info","message":"Media service running on port 3003","service":"media-service","timestamp":"2025-10-13T19:10:40.928Z"}
{"level":"info","message":"Connected to mongodb","service":"media-service","timestamp":"2025-10-13T19:10:46.207Z"}
{"level":"info","message":"Connected to rabbitMq","service":"media-service","timestamp":"2025-10-13T19:10:58.228Z"}
{"level":"info","message":"Subscribed to event : post.deleted","service":"media-service","timestamp":"2025-10-13T19:10:58.242Z"}
{"level":"info","message":"Media service running on port 3003","service":"media-service","timestamp":"2025-10-13T19:10:58.246Z"}
{"level":"info","message":"Connected to rabbitMq","service":"media-service","timestamp":"2025-10-13T19:11:05.116Z"}
{"level":"info","message":"Subscribed to event : post.deleted","service":"media-service","timestamp":"2025-10-13T19:11:05.127Z"}
{"level":"info","message":"Media service running on port 3003","service":"media-service","timestamp":"2025-10-13T19:11:05.130Z"}
{"level":"info","message":"Connected to rabbitMq","service":"media-service","timestamp":"2025-10-13T19:11:09.929Z"}
{"level":"info","message":"Subscribed to event : post.deleted","service":"media-service","timestamp":"2025-10-13T19:11:09.940Z"}
{"level":"info","message":"Media service running on port 3003","service":"media-service","timestamp":"2025-10-13T19:11:09.943Z"}
{"level":"info","message":"Connected to rabbitMq","service":"media-service","timestamp":"2025-10-13T19:18:58.245Z"}
{"level":"info","message":"Subscribed to event : post.deleted","service":"media-service","timestamp":"2025-10-13T19:18:58.255Z"}
{"level":"info","message":"Media service running on port 3003","service":"media-service","timestamp":"2025-10-13T19:18:58.258Z"}
{"level":"info","message":"Received POST request to /api/media/upload","service":"media-service","timestamp":"2025-10-13T19:19:02.798Z"}
{"level":"info","message":"Received body undefined","service":"media-service","timestamp":"2025-10-13T19:19:02.799Z"}
{"level":"info","message":"Starting media upload","service":"media-service","timestamp":"2025-10-13T19:19:02.813Z"}
{"level":"info","message":"File details: name=Ellipse 1.png, type=image/png","service":"media-service","timestamp":"2025-10-13T19:19:02.814Z"}
{"level":"info","message":"Uploading to cloudinary starting...","service":"media-service","timestamp":"2025-10-13T19:19:02.816Z"}
{"level":"info","message":"Connected to mongodb","service":"media-service","timestamp":"2025-10-13T19:19:03.525Z"}
{"level":"info","message":"Cloudinary upload successfully. Public Id: - tkftdahace4kfjj3ldsf","service":"media-service","timestamp":"2025-10-13T19:19:04.431Z"}
{"0":"t","1":"k","10":"4","11":"k","12":"f","13":"j","14":"j","15":"3","16":"l","17":"d","18":"s","19":"f","2":"f","3":"t","4":"d","5":"a","6":"h","7":"a","8":"c","9":"e","level":"info","message":"Media deleted successfully from cloud storage","service":"media-service","timestamp":"2025-10-13T19:20:11.466Z"}
{"level":"info","message":"Deleted media 68ed50a8d4678118a48b06ec associated with this deletd post 68ed50c50a570db25eb9f00b","service":"media-service","timestamp":"2025-10-13T19:20:11.489Z"}
{"level":"info","message":"Processed deletion of media for post id 68ed50c50a570db25eb9f00b","service":"media-service","timestamp":"2025-10-13T19:20:11.491Z"}
{"level":"info","message":"Received GET request to /api/media/get","service":"media-service","timestamp":"2025-10-13T19:20:53.465Z"}
{"level":"info","message":"Received body undefined","service":"media-service","timestamp":"2025-10-13T19:20:53.465Z"}
{"level":"info","message":"Connected to rabbitMq","service":"media-service","timestamp":"2025-10-13T20:03:03.788Z"}
{"level":"info","message":"Subscribed to event : post.deleted","service":"media-service","timestamp":"2025-10-13T20:03:03.797Z"}
{"level":"info","message":"Media service running on port 3003","service":"media-service","timestamp":"2025-10-13T20:03:03.801Z"}
{"level":"info","message":"Connected to mongodb","service":"media-service","timestamp":"2025-10-13T20:03:09.450Z"}
{"level":"info","message":"Connected to rabbitMq","service":"media-service","timestamp":"2025-10-13T20:03:21.704Z"}
{"level":"info","message":"Subscribed to event : post.deleted","service":"media-service","timestamp":"2025-10-13T20:03:21.713Z"}
{"level":"info","message":"Media service running on port 3003","service":"media-service","timestamp":"2025-10-13T20:03:21.717Z"}
{"level":"info","message":"Connected to mongodb","service":"media-service","timestamp":"2025-10-13T20:03:26.970Z"}
{"level":"info","message":"Connected to rabbitMq","service":"media-service","timestamp":"2025-10-13T20:12:20.656Z"}
{"level":"info","message":"Subscribed to event : post.deleted","service":"media-service","timestamp":"2025-10-13T20:12:20.665Z"}
{"level":"info","message":"Media service running on port 3003","service":"media-service","timestamp":"2025-10-13T20:12:20.667Z"}
{"level":"info","message":"Connected to rabbitMq","service":"media-service","timestamp":"2025-10-14T13:23:55.186Z"}
{"level":"info","message":"Subscribed to event : post.deleted","service":"media-service","timestamp":"2025-10-14T13:23:55.202Z"}
{"level":"info","message":"Media service running on port 3003","service":"media-service","timestamp":"2025-10-14T13:23:55.207Z"}
{"level":"info","message":"Connected to mongodb","service":"media-service","timestamp":"2025-10-14T13:24:00.560Z"}
